20/03/2020 15:48:35 PM => Environment values............
20/03/2020 15:48:35 PM => >>>>>>>>>>>>>>>>>>>>>>>>>>>>>>>>>>>>>>>>>>>>>>>>>>
20/03/2020 15:48:35 PM => Application on which executed : YBL
20/03/2020 15:48:35 PM => Type of testing : REGRESSION
20/03/2020 15:48:35 PM => Test environment on which application executed : 
20/03/2020 15:48:35 PM => URL : null
20/03/2020 15:48:35 PM => Driver Settings...>>>>>>>>>>>>>>>>>>>>>>>>>>>>>>>>>
20/03/2020 15:48:35 PM => STARTFROMHOMEPAGE <null> : NO
20/03/2020 15:48:35 PM => CLEARCOOKIEFOREACHTEST: NO
20/03/2020 15:48:35 PM => JAVASCRIPTTIMEOUT: 60
20/03/2020 15:48:35 PM => VERIFYJAVASCRIPTERRORS: YES
20/03/2020 15:48:35 PM => ALERTAUTOACCEPT: NO
20/03/2020 15:48:35 PM => Environment file location : C:\iprogrammerAutomation/Config/Env.xml
20/03/2020 15:48:35 PM => Executed on browser : null
20/03/2020 15:48:35 PM => Repository location : C:\iprogrammerAutomation/Repository/YBL_OR.xls
20/03/2020 15:48:35 PM => Suite file name and location : C:\iprogrammerAutomation/Suites/YBL_REGRESSION_Suite.xls
20/03/2020 15:48:35 PM => Test execution report file : C:\iprogrammerAutomation/Reports/20-03-2020_15-48-35-PM_REGRESSION/YBL_TA_Report_null_20-03-2020_15-48-35-PM.xls
20/03/2020 15:48:35 PM => Test execution log file : C:\iprogrammerAutomation/Log/Log_20-03-2020_15-48-35-PM.log
20/03/2020 15:48:35 PM => >>>>>>>>>>>>>>>>>>>>>>>>>>>>>>>>>>>>>>>>>>>>>>>>>>
20/03/2020 15:48:35 PM => TEMPLORARY CURRENT EXECUTION PARAMETERS:
20/03/2020 15:48:35 PM => Templorary folder path : C:\iprogrammerAutomation/Reports/20-03-2020_15-48-35-PM_REGRESSION/Temp/
20/03/2020 15:48:35 PM => Templorary TestSuite path : C:\iprogrammerAutomation/Suites/YBL_REGRESSION_Suite.xls
20/03/2020 15:48:35 PM => Templorary TestLog path : C:\iprogrammerAutomation/Reports/20-03-2020_15-48-35-PM_REGRESSION/Temp/TestExecutionLog.txt
20/03/2020 15:48:35 PM => Screen shot location for this execution : C:\iprogrammerAutomation/Reports/20-03-2020_15-48-35-PM_REGRESSION/Temp/
20/03/2020 15:48:35 PM => >>>>>>>>>>>>>>>>>>>>>>>>>>>>>>>>>>>>>>>>>>>>>>>>>>
20/03/2020 15:48:35 PM => Start Processing OR for YBL App...
20/03/2020 15:48:35 PM => Processing OR for YBL App has been completed in row : 56
20/03/2020 15:48:35 PM => Test Execution was started...
20/03/2020 15:48:35 PM => Start processing script file : OfferPrepaid1
20/03/2020 15:48:35 PM => Processing to add Common Steps...
20/03/2020 15:48:35 PM => Process of add Common Steps - Completed
20/03/2020 15:48:35 PM => Launch Web Driver process...
20/03/2020 15:49:05 PM => Script path : C:\iprogrammerAutomation/Reports/20-03-2020_15-48-35-PM_REGRESSION/Temp/OfferPrepaid1.xls
20/03/2020 15:49:05 PM => Step ID :--------- Step_R01
20/03/2020 15:49:10 PM => Element :AM_VerifyfodaApppresent - Pass
20/03/2020 15:49:10 PM => Step ID :--------- Step_R02
20/03/2020 15:49:11 PM => Element :AM_VerifyfodaApppresent - Pass
20/03/2020 15:49:11 PM => Step ID :--------- Step_R03
20/03/2020 15:49:20 PM => Enter text into :AM_EnterMSIDNo - Pass
20/03/2020 15:49:20 PM => Step ID :--------- Step_R04
20/03/2020 15:49:22 PM => Click on :AM_clickOnSendOTP - Pass
20/03/2020 15:49:22 PM => Step ID :--------- Step_R05
20/03/2020 15:49:38 PM => Enter text into :AM_typeOTP - Pass
20/03/2020 15:49:38 PM => Step ID :--------- Step_R06
20/03/2020 15:49:39 PM => Click on :AM_SubmitButton - Pass
20/03/2020 15:49:39 PM => Step ID :--------- Step_R07
20/03/2020 15:50:10 PM => Wait for elementAM_Skipbutton with locator/hierarchy/android.widget.FrameLayout/android.widget.LinearLayout/android.widget.FrameLayout/android.widget.FrameLayout/android.widget.FrameLayout/android.widget.FrameLayout/android.webkit.WebView/android.webkit.WebView/android.view.View/android.view.View/android.view.View/android.view.View/android.view.View/android.view.View/android.view.View[2]/android.widget.Button present (TimeOut) - Fail
20/03/2020 15:50:10 PM => Click on :AM_Skipbutton - Fail
20/03/2020 15:50:13 PM => Close Webdriver Process - Completed
20/03/2020 15:50:13 PM => *******************************************************************
20/03/2020 15:50:13 PM => ***** Test script result :Fail*****
20/03/2020 15:50:13 PM => *** Test script Execution Time: 01:6.9 ***
20/03/2020 15:50:13 PM => *******************************************************************
20/03/2020 15:50:13 PM => Start processing script file : OfferPrepaid2
20/03/2020 15:50:13 PM => Processing to add Common Steps...
20/03/2020 15:50:13 PM => Process of add Common Steps - Completed
20/03/2020 15:50:13 PM => Launch Web Driver process...
20/03/2020 15:50:45 PM => Script path : C:\iprogrammerAutomation/Reports/20-03-2020_15-48-35-PM_REGRESSION/Temp/OfferPrepaid2.xls
20/03/2020 15:50:45 PM => Step ID :--------- Step_R01
20/03/2020 15:51:16 PM => Wait for elementAM_VerifyfodaApp with locator//android.view.View[@text='Welcome!'] present (TimeOut) - Fail
20/03/2020 15:51:16 PM => Element :AM_VerifyfodaApp not found - Fail
20/03/2020 15:51:18 PM => Close Webdriver Process - Completed
20/03/2020 15:51:18 PM => *******************************************************************
20/03/2020 15:51:18 PM => ***** Test script result :Fail*****
20/03/2020 15:51:18 PM => *** Test script Execution Time: 00:31.6 ***
20/03/2020 15:51:18 PM => *******************************************************************
20/03/2020 15:51:18 PM => Processing Suite file was completed in row:91
20/03/2020 15:51:18 PM => ==================================
20/03/2020 15:51:18 PM => Total Statistics: 
20/03/2020 15:51:18 PM => Total Tests Run : 2
20/03/2020 15:51:18 PM => Tests PASSED : 0
20/03/2020 15:51:18 PM => Tests FAILED : 2
20/03/2020 15:51:18 PM => JavaScript Errors : 0
20/03/2020 15:51:18 PM => ==================================
20/03/2020 15:51:18 PM => ***TEST RUN FAILED***
20/03/2020 15:51:18 PM => ***********Execution Completed Successfully**********
