26/03/2020 16:47:26 PM => Environment values............
26/03/2020 16:47:26 PM => >>>>>>>>>>>>>>>>>>>>>>>>>>>>>>>>>>>>>>>>>>>>>>>>>>
26/03/2020 16:47:26 PM => Application on which executed : YBL
26/03/2020 16:47:26 PM => Type of testing : REGRESSION
26/03/2020 16:47:26 PM => Test environment on which application executed : 
26/03/2020 16:47:26 PM => URL : null
26/03/2020 16:47:26 PM => Driver Settings...>>>>>>>>>>>>>>>>>>>>>>>>>>>>>>>>>
26/03/2020 16:47:26 PM => STARTFROMHOMEPAGE <null> : NO
26/03/2020 16:47:26 PM => CLEARCOOKIEFOREACHTEST: NO
26/03/2020 16:47:26 PM => JAVASCRIPTTIMEOUT: 60
26/03/2020 16:47:26 PM => VERIFYJAVASCRIPTERRORS: YES
26/03/2020 16:47:26 PM => ALERTAUTOACCEPT: NO
26/03/2020 16:47:26 PM => Environment file location : C:\iprogrammerAutomation/Config/Env.xml
26/03/2020 16:47:26 PM => Executed on browser : null
26/03/2020 16:47:26 PM => Repository location : C:\iprogrammerAutomation/Repository/YBL_OR.xls
26/03/2020 16:47:26 PM => Suite file name and location : C:\iprogrammerAutomation/Suites/YBL_REGRESSION_Suite.xls
26/03/2020 16:47:26 PM => Test execution report file : C:\iprogrammerAutomation/Reports/26-03-2020_16-47-26-PM_REGRESSION/YBL_TA_Report_null_26-03-2020_16-47-26-PM.xls
26/03/2020 16:47:26 PM => Test execution log file : C:\iprogrammerAutomation/Log/Log_26-03-2020_16-47-26-PM.log
26/03/2020 16:47:26 PM => >>>>>>>>>>>>>>>>>>>>>>>>>>>>>>>>>>>>>>>>>>>>>>>>>>
26/03/2020 16:47:26 PM => TEMPLORARY CURRENT EXECUTION PARAMETERS:
26/03/2020 16:47:26 PM => Templorary folder path : C:\iprogrammerAutomation/Reports/26-03-2020_16-47-26-PM_REGRESSION/Temp/
26/03/2020 16:47:26 PM => Templorary TestSuite path : C:\iprogrammerAutomation/Suites/YBL_REGRESSION_Suite.xls
26/03/2020 16:47:26 PM => Templorary TestLog path : C:\iprogrammerAutomation/Reports/26-03-2020_16-47-26-PM_REGRESSION/Temp/TestExecutionLog.txt
26/03/2020 16:47:26 PM => Screen shot location for this execution : C:\iprogrammerAutomation/Reports/26-03-2020_16-47-26-PM_REGRESSION/Temp/
26/03/2020 16:47:26 PM => >>>>>>>>>>>>>>>>>>>>>>>>>>>>>>>>>>>>>>>>>>>>>>>>>>
26/03/2020 16:47:26 PM => Start Processing OR for YBL App...
26/03/2020 16:47:26 PM => Processing OR for YBL App has been completed in row : 60
26/03/2020 16:47:26 PM => Test Execution was started...
26/03/2020 16:47:26 PM => Start processing script file : ActivePlan&packsscreenPostpaid1
26/03/2020 16:47:26 PM => Processing to add Common Steps...
26/03/2020 16:47:27 PM => Process of add Common Steps - Completed
26/03/2020 16:47:27 PM => Launch Web Driver process...
26/03/2020 16:48:18 PM => Script path : C:\iprogrammerAutomation/Reports/26-03-2020_16-47-26-PM_REGRESSION/Temp/ActivePlan&packsscreenPostpaid1.xls
26/03/2020 16:48:18 PM => Step ID :--------- Step_R01
26/03/2020 16:48:48 PM => Wait for elementAM_IngoreButton with locator//android.widget.Button[@text='Install'] present (TimeOut) - Fail
26/03/2020 16:48:48 PM => Click on :AM_IngoreButton - Fail
26/03/2020 16:48:51 PM => Close Webdriver Process - Completed
26/03/2020 16:48:51 PM => *******************************************************************
26/03/2020 16:48:51 PM => ***** Test script result :Fail*****
26/03/2020 16:48:51 PM => *** Test script Execution Time: 00:31.7 ***
26/03/2020 16:48:51 PM => *******************************************************************
26/03/2020 16:48:51 PM => Processing Suite file was completed in row:111
26/03/2020 16:48:51 PM => ==================================
26/03/2020 16:48:51 PM => Total Statistics: 
26/03/2020 16:48:51 PM => Total Tests Run : 1
26/03/2020 16:48:51 PM => Tests PASSED : 0
26/03/2020 16:48:51 PM => Tests FAILED : 1
26/03/2020 16:48:51 PM => JavaScript Errors : 0
26/03/2020 16:48:51 PM => ==================================
26/03/2020 16:48:51 PM => ***TEST RUN FAILED***
26/03/2020 16:48:51 PM => ***********Execution Completed Successfully**********
