17/03/2020 15:00:39 PM => Environment values............
17/03/2020 15:00:39 PM => >>>>>>>>>>>>>>>>>>>>>>>>>>>>>>>>>>>>>>>>>>>>>>>>>>
17/03/2020 15:00:39 PM => Application on which executed : YBL
17/03/2020 15:00:39 PM => Type of testing : REGRESSION
17/03/2020 15:00:39 PM => Test environment on which application executed : 
17/03/2020 15:00:39 PM => URL : null
17/03/2020 15:00:39 PM => Driver Settings...>>>>>>>>>>>>>>>>>>>>>>>>>>>>>>>>>
17/03/2020 15:00:39 PM => STARTFROMHOMEPAGE <null> : NO
17/03/2020 15:00:39 PM => CLEARCOOKIEFOREACHTEST: NO
17/03/2020 15:00:39 PM => JAVASCRIPTTIMEOUT: 60
17/03/2020 15:00:39 PM => VERIFYJAVASCRIPTERRORS: YES
17/03/2020 15:00:39 PM => ALERTAUTOACCEPT: NO
17/03/2020 15:00:39 PM => Environment file location : C:\iprogrammerAutomation/Config/Env.xml
17/03/2020 15:00:39 PM => Executed on browser : null
17/03/2020 15:00:39 PM => Repository location : C:\iprogrammerAutomation/Repository/YBL_OR.xls
17/03/2020 15:00:39 PM => Suite file name and location : C:\iprogrammerAutomation/Suites/YBL_REGRESSION_Suite.xls
17/03/2020 15:00:39 PM => Test execution report file : C:\iprogrammerAutomation/Reports/17-03-2020_15-00-39-PM_REGRESSION/YBL_TA_Report_null_17-03-2020_15-00-39-PM.xls
17/03/2020 15:00:39 PM => Test execution log file : C:\iprogrammerAutomation/Log/Log_17-03-2020_15-00-39-PM.log
17/03/2020 15:00:39 PM => >>>>>>>>>>>>>>>>>>>>>>>>>>>>>>>>>>>>>>>>>>>>>>>>>>
17/03/2020 15:00:39 PM => TEMPLORARY CURRENT EXECUTION PARAMETERS:
17/03/2020 15:00:39 PM => Templorary folder path : C:\iprogrammerAutomation/Reports/17-03-2020_15-00-39-PM_REGRESSION/Temp/
17/03/2020 15:00:39 PM => Templorary TestSuite path : C:\iprogrammerAutomation/Suites/YBL_REGRESSION_Suite.xls
17/03/2020 15:00:39 PM => Templorary TestLog path : C:\iprogrammerAutomation/Reports/17-03-2020_15-00-39-PM_REGRESSION/Temp/TestExecutionLog.txt
17/03/2020 15:00:39 PM => Screen shot location for this execution : C:\iprogrammerAutomation/Reports/17-03-2020_15-00-39-PM_REGRESSION/Temp/
17/03/2020 15:00:39 PM => >>>>>>>>>>>>>>>>>>>>>>>>>>>>>>>>>>>>>>>>>>>>>>>>>>
17/03/2020 15:00:39 PM => Start Processing OR for YBL App...
17/03/2020 15:00:39 PM => Processing OR for YBL App has been completed in row : 48
17/03/2020 15:00:39 PM => Test Execution was started...
17/03/2020 15:00:40 PM => Start processing script file : OfferPrepaid1
17/03/2020 15:00:40 PM => Processing to add Common Steps...
17/03/2020 15:00:40 PM => Process of add Common Steps - Completed
17/03/2020 15:00:40 PM => Launch Web Driver process...
17/03/2020 15:01:27 PM => Script path : C:\iprogrammerAutomation/Reports/17-03-2020_15-00-39-PM_REGRESSION/Temp/OfferPrepaid1.xls
17/03/2020 15:01:27 PM => Step ID :--------- Step_R01
17/03/2020 15:01:58 PM => Wait for elementAM_VerifyfodaApp with locator//android.view.View[@text='Welcome!'] present (TimeOut) - Fail
17/03/2020 15:01:58 PM => Element :AM_VerifyfodaApp not found - Fail
17/03/2020 15:02:01 PM => Close Webdriver Process - Completed
17/03/2020 15:02:01 PM => *******************************************************************
17/03/2020 15:02:01 PM => ***** Test script result :Fail*****
17/03/2020 15:02:01 PM => *** Test script Execution Time: 00:32.3 ***
17/03/2020 15:02:01 PM => *******************************************************************
17/03/2020 15:02:01 PM => Processing Suite file was completed in row:91
17/03/2020 15:02:01 PM => ==================================
17/03/2020 15:02:01 PM => Total Statistics: 
17/03/2020 15:02:01 PM => Total Tests Run : 1
17/03/2020 15:02:01 PM => Tests PASSED : 0
17/03/2020 15:02:01 PM => Tests FAILED : 1
17/03/2020 15:02:01 PM => JavaScript Errors : 0
17/03/2020 15:02:01 PM => ==================================
17/03/2020 15:02:01 PM => ***TEST RUN FAILED***
17/03/2020 15:02:01 PM => ***********Execution Completed Successfully**********
