24/03/2020 15:16:43 PM => Environment values............
24/03/2020 15:16:43 PM => >>>>>>>>>>>>>>>>>>>>>>>>>>>>>>>>>>>>>>>>>>>>>>>>>>
24/03/2020 15:16:43 PM => Application on which executed : YBL
24/03/2020 15:16:43 PM => Type of testing : REGRESSION
24/03/2020 15:16:43 PM => Test environment on which application executed : 
24/03/2020 15:16:43 PM => URL : null
24/03/2020 15:16:43 PM => Driver Settings...>>>>>>>>>>>>>>>>>>>>>>>>>>>>>>>>>
24/03/2020 15:16:43 PM => STARTFROMHOMEPAGE <null> : NO
24/03/2020 15:16:43 PM => CLEARCOOKIEFOREACHTEST: NO
24/03/2020 15:16:43 PM => JAVASCRIPTTIMEOUT: 60
24/03/2020 15:16:43 PM => VERIFYJAVASCRIPTERRORS: YES
24/03/2020 15:16:43 PM => ALERTAUTOACCEPT: NO
24/03/2020 15:16:43 PM => Environment file location : C:\iprogrammerAutomation/Config/Env.xml
24/03/2020 15:16:43 PM => Executed on browser : null
24/03/2020 15:16:43 PM => Repository location : C:\iprogrammerAutomation/Repository/YBL_OR.xls
24/03/2020 15:16:43 PM => Suite file name and location : C:\iprogrammerAutomation/Suites/YBL_REGRESSION_Suite.xls
24/03/2020 15:16:43 PM => Test execution report file : C:\iprogrammerAutomation/Reports/24-03-2020_15-16-43-PM_REGRESSION/YBL_TA_Report_null_24-03-2020_15-16-43-PM.xls
24/03/2020 15:16:43 PM => Test execution log file : C:\iprogrammerAutomation/Log/Log_24-03-2020_15-16-43-PM.log
24/03/2020 15:16:43 PM => >>>>>>>>>>>>>>>>>>>>>>>>>>>>>>>>>>>>>>>>>>>>>>>>>>
24/03/2020 15:16:43 PM => TEMPLORARY CURRENT EXECUTION PARAMETERS:
24/03/2020 15:16:43 PM => Templorary folder path : C:\iprogrammerAutomation/Reports/24-03-2020_15-16-43-PM_REGRESSION/Temp/
24/03/2020 15:16:43 PM => Templorary TestSuite path : C:\iprogrammerAutomation/Suites/YBL_REGRESSION_Suite.xls
24/03/2020 15:16:43 PM => Templorary TestLog path : C:\iprogrammerAutomation/Reports/24-03-2020_15-16-43-PM_REGRESSION/Temp/TestExecutionLog.txt
24/03/2020 15:16:43 PM => Screen shot location for this execution : C:\iprogrammerAutomation/Reports/24-03-2020_15-16-43-PM_REGRESSION/Temp/
24/03/2020 15:16:43 PM => >>>>>>>>>>>>>>>>>>>>>>>>>>>>>>>>>>>>>>>>>>>>>>>>>>
