26/03/2020 14:07:27 PM => Environment values............
26/03/2020 14:07:27 PM => >>>>>>>>>>>>>>>>>>>>>>>>>>>>>>>>>>>>>>>>>>>>>>>>>>
26/03/2020 14:07:27 PM => Application on which executed : YBL
26/03/2020 14:07:27 PM => Type of testing : REGRESSION
26/03/2020 14:07:27 PM => Test environment on which application executed : 
26/03/2020 14:07:27 PM => URL : null
26/03/2020 14:07:27 PM => Driver Settings...>>>>>>>>>>>>>>>>>>>>>>>>>>>>>>>>>
26/03/2020 14:07:27 PM => STARTFROMHOMEPAGE <null> : NO
26/03/2020 14:07:27 PM => CLEARCOOKIEFOREACHTEST: NO
26/03/2020 14:07:27 PM => JAVASCRIPTTIMEOUT: 60
26/03/2020 14:07:27 PM => VERIFYJAVASCRIPTERRORS: YES
26/03/2020 14:07:27 PM => ALERTAUTOACCEPT: NO
26/03/2020 14:07:27 PM => Environment file location : C:\iprogrammerAutomation/Config/Env.xml
26/03/2020 14:07:27 PM => Executed on browser : null
26/03/2020 14:07:27 PM => Repository location : C:\iprogrammerAutomation/Repository/YBL_OR.xls
26/03/2020 14:07:27 PM => Suite file name and location : C:\iprogrammerAutomation/Suites/YBL_REGRESSION_Suite.xls
26/03/2020 14:07:27 PM => Test execution report file : C:\iprogrammerAutomation/Reports/26-03-2020_14-07-27-PM_REGRESSION/YBL_TA_Report_null_26-03-2020_14-07-27-PM.xls
26/03/2020 14:07:27 PM => Test execution log file : C:\iprogrammerAutomation/Log/Log_26-03-2020_14-07-27-PM.log
26/03/2020 14:07:27 PM => >>>>>>>>>>>>>>>>>>>>>>>>>>>>>>>>>>>>>>>>>>>>>>>>>>
26/03/2020 14:07:27 PM => TEMPLORARY CURRENT EXECUTION PARAMETERS:
26/03/2020 14:07:27 PM => Templorary folder path : C:\iprogrammerAutomation/Reports/26-03-2020_14-07-27-PM_REGRESSION/Temp/
26/03/2020 14:07:27 PM => Templorary TestSuite path : C:\iprogrammerAutomation/Suites/YBL_REGRESSION_Suite.xls
26/03/2020 14:07:27 PM => Templorary TestLog path : C:\iprogrammerAutomation/Reports/26-03-2020_14-07-27-PM_REGRESSION/Temp/TestExecutionLog.txt
26/03/2020 14:07:27 PM => Screen shot location for this execution : C:\iprogrammerAutomation/Reports/26-03-2020_14-07-27-PM_REGRESSION/Temp/
26/03/2020 14:07:27 PM => >>>>>>>>>>>>>>>>>>>>>>>>>>>>>>>>>>>>>>>>>>>>>>>>>>
26/03/2020 14:07:27 PM => Environment values............
26/03/2020 14:07:27 PM => >>>>>>>>>>>>>>>>>>>>>>>>>>>>>>>>>>>>>>>>>>>>>>>>>>
26/03/2020 14:07:27 PM => Application on which executed : YBL
26/03/2020 14:07:27 PM => Type of testing : REGRESSION
26/03/2020 14:07:27 PM => Test environment on which application executed : 
26/03/2020 14:07:27 PM => URL : null
26/03/2020 14:07:27 PM => Driver Settings...>>>>>>>>>>>>>>>>>>>>>>>>>>>>>>>>>
26/03/2020 14:07:27 PM => STARTFROMHOMEPAGE <null> : NO
26/03/2020 14:07:27 PM => CLEARCOOKIEFOREACHTEST: NO
26/03/2020 14:07:27 PM => JAVASCRIPTTIMEOUT: 60
26/03/2020 14:07:27 PM => VERIFYJAVASCRIPTERRORS: YES
26/03/2020 14:07:27 PM => ALERTAUTOACCEPT: NO
26/03/2020 14:07:27 PM => Environment file location : C:\iprogrammerAutomation/Config/Env.xml
26/03/2020 14:07:27 PM => Executed on browser : null
26/03/2020 14:07:27 PM => Repository location : C:\iprogrammerAutomation/Repository/YBL_OR.xls
26/03/2020 14:07:27 PM => Suite file name and location : C:\iprogrammerAutomation/Suites/YBL_REGRESSION_Suite.xls
26/03/2020 14:07:27 PM => Test execution report file : C:\iprogrammerAutomation/Reports/26-03-2020_14-07-27-PM_REGRESSION/YBL_TA_Report_null_26-03-2020_14-07-27-PM.xls
26/03/2020 14:07:27 PM => Test execution log file : C:\iprogrammerAutomation/Log/Log_26-03-2020_14-07-27-PM.log
26/03/2020 14:07:27 PM => >>>>>>>>>>>>>>>>>>>>>>>>>>>>>>>>>>>>>>>>>>>>>>>>>>
26/03/2020 14:07:27 PM => TEMPLORARY CURRENT EXECUTION PARAMETERS:
26/03/2020 14:07:27 PM => Templorary folder path : C:\iprogrammerAutomation/Reports/26-03-2020_14-07-27-PM_REGRESSION/Temp/
26/03/2020 14:07:27 PM => Templorary TestSuite path : C:\iprogrammerAutomation/Suites/YBL_REGRESSION_Suite.xls
26/03/2020 14:07:27 PM => Templorary TestLog path : C:\iprogrammerAutomation/Reports/26-03-2020_14-07-27-PM_REGRESSION/Temp/TestExecutionLog.txt
26/03/2020 14:07:27 PM => Screen shot location for this execution : C:\iprogrammerAutomation/Reports/26-03-2020_14-07-27-PM_REGRESSION/Temp/
26/03/2020 14:07:27 PM => >>>>>>>>>>>>>>>>>>>>>>>>>>>>>>>>>>>>>>>>>>>>>>>>>>
26/03/2020 14:07:27 PM => Start Processing OR for YBL App...
26/03/2020 14:07:28 PM => Processing OR for YBL App has been completed in row : 60
26/03/2020 14:07:28 PM => Test Execution was started...
26/03/2020 14:07:28 PM => Start processing script file : ActivePlan&packsscreenPostpaid1
26/03/2020 14:07:28 PM => Processing to add Common Steps...
26/03/2020 14:07:28 PM => Process of add Common Steps - Completed
26/03/2020 14:07:28 PM => Launch Web Driver process...
26/03/2020 14:08:05 PM => Script path : C:\iprogrammerAutomation/Reports/26-03-2020_14-07-27-PM_REGRESSION/Temp/ActivePlan&packsscreenPostpaid1.xls
26/03/2020 14:08:05 PM => Step ID :--------- Step_R01
26/03/2020 14:08:12 PM => Element :AM_VerifyfodaApppresent - Pass
26/03/2020 14:08:12 PM => Step ID :--------- Step_R02
26/03/2020 14:08:20 PM => Enter text into :AM_EnterMSIDNo - Pass
26/03/2020 14:08:21 PM => Step ID :--------- Step_R03
26/03/2020 14:08:23 PM => Click on :AM_clickOnSendOTP - Pass
26/03/2020 14:08:23 PM => Step ID :--------- Step_R04
26/03/2020 14:08:54 PM => Wait for elementAM_typeOTP with locator/hierarchy/android.widget.FrameLayout/android.widget.LinearLayout/android.widget.FrameLayout/android.widget.FrameLayout/android.widget.FrameLayout/android.widget.FrameLayout/android.webkit.WebView/android.webkit.WebView/android.view.View/android.view.View/android.view.View/android.view.View/android.view.View/android.view.View/android.view.View[2]/android.view.View/android.view.View[1]/android.view.View[4]/android.widget.EditText present (TimeOut) - Fail
26/03/2020 14:08:54 PM => Click on :AM_typeOTP - Fail
26/03/2020 14:08:56 PM => Close Webdriver Process - Completed
26/03/2020 14:08:56 PM => *******************************************************************
26/03/2020 14:08:56 PM => ***** Test script result :Fail*****
26/03/2020 14:08:56 PM => *** Test script Execution Time: 00:50.2 ***
26/03/2020 14:08:56 PM => *******************************************************************
26/03/2020 14:08:56 PM => Processing Suite file was completed in row:111
26/03/2020 14:08:56 PM => ==================================
26/03/2020 14:08:56 PM => Total Statistics: 
26/03/2020 14:08:56 PM => Total Tests Run : 1
26/03/2020 14:08:56 PM => Tests PASSED : 0
26/03/2020 14:08:56 PM => Tests FAILED : 1
26/03/2020 14:08:56 PM => JavaScript Errors : 0
26/03/2020 14:08:56 PM => ==================================
26/03/2020 14:08:56 PM => ***TEST RUN FAILED***
26/03/2020 14:08:56 PM => ***********Execution Completed Successfully**********
