16/03/2020 14:52:41 PM => Environment values............
16/03/2020 14:52:41 PM => >>>>>>>>>>>>>>>>>>>>>>>>>>>>>>>>>>>>>>>>>>>>>>>>>>
16/03/2020 14:52:41 PM => Application on which executed : YBL
16/03/2020 14:52:41 PM => Type of testing : REGRESSION
16/03/2020 14:52:41 PM => Test environment on which application executed : 
16/03/2020 14:52:41 PM => URL : null
16/03/2020 14:52:41 PM => Driver Settings...>>>>>>>>>>>>>>>>>>>>>>>>>>>>>>>>>
16/03/2020 14:52:41 PM => STARTFROMHOMEPAGE <null> : NO
16/03/2020 14:52:41 PM => CLEARCOOKIEFOREACHTEST: NO
16/03/2020 14:52:41 PM => JAVASCRIPTTIMEOUT: 60
16/03/2020 14:52:41 PM => VERIFYJAVASCRIPTERRORS: YES
16/03/2020 14:52:41 PM => ALERTAUTOACCEPT: NO
16/03/2020 14:52:41 PM => Environment file location : C:\iprogrammerAutomation/Config/Env.xml
16/03/2020 14:52:41 PM => Executed on browser : null
16/03/2020 14:52:41 PM => Repository location : C:\iprogrammerAutomation/Repository/YBL_OR.xls
16/03/2020 14:52:41 PM => Suite file name and location : C:\iprogrammerAutomation/Suites/YBL_REGRESSION_Suite.xls
16/03/2020 14:52:41 PM => Test execution report file : C:\iprogrammerAutomation/Reports/16-03-2020_14-52-41-PM_REGRESSION/YBL_TA_Report_null_16-03-2020_14-52-41-PM.xls
16/03/2020 14:52:41 PM => Test execution log file : C:\iprogrammerAutomation/Log/Log_16-03-2020_14-52-41-PM.log
16/03/2020 14:52:41 PM => >>>>>>>>>>>>>>>>>>>>>>>>>>>>>>>>>>>>>>>>>>>>>>>>>>
16/03/2020 14:52:41 PM => TEMPLORARY CURRENT EXECUTION PARAMETERS:
16/03/2020 14:52:41 PM => Templorary folder path : C:\iprogrammerAutomation/Reports/16-03-2020_14-52-41-PM_REGRESSION/Temp/
16/03/2020 14:52:41 PM => Templorary TestSuite path : C:\iprogrammerAutomation/Suites/YBL_REGRESSION_Suite.xls
16/03/2020 14:52:41 PM => Templorary TestLog path : C:\iprogrammerAutomation/Reports/16-03-2020_14-52-41-PM_REGRESSION/Temp/TestExecutionLog.txt
16/03/2020 14:52:41 PM => Screen shot location for this execution : C:\iprogrammerAutomation/Reports/16-03-2020_14-52-41-PM_REGRESSION/Temp/
16/03/2020 14:52:41 PM => >>>>>>>>>>>>>>>>>>>>>>>>>>>>>>>>>>>>>>>>>>>>>>>>>>
16/03/2020 14:52:41 PM => Environment values............
16/03/2020 14:52:41 PM => >>>>>>>>>>>>>>>>>>>>>>>>>>>>>>>>>>>>>>>>>>>>>>>>>>
16/03/2020 14:52:41 PM => Application on which executed : YBL
16/03/2020 14:52:41 PM => Type of testing : REGRESSION
16/03/2020 14:52:41 PM => Test environment on which application executed : 
16/03/2020 14:52:41 PM => URL : null
16/03/2020 14:52:41 PM => Driver Settings...>>>>>>>>>>>>>>>>>>>>>>>>>>>>>>>>>
16/03/2020 14:52:41 PM => STARTFROMHOMEPAGE <null> : NO
16/03/2020 14:52:41 PM => CLEARCOOKIEFOREACHTEST: NO
16/03/2020 14:52:41 PM => JAVASCRIPTTIMEOUT: 60
16/03/2020 14:52:41 PM => VERIFYJAVASCRIPTERRORS: YES
16/03/2020 14:52:41 PM => ALERTAUTOACCEPT: NO
16/03/2020 14:52:41 PM => Environment file location : C:\iprogrammerAutomation/Config/Env.xml
16/03/2020 14:52:41 PM => Executed on browser : null
16/03/2020 14:52:41 PM => Repository location : C:\iprogrammerAutomation/Repository/YBL_OR.xls
16/03/2020 14:52:41 PM => Suite file name and location : C:\iprogrammerAutomation/Suites/YBL_REGRESSION_Suite.xls
16/03/2020 14:52:41 PM => Test execution report file : C:\iprogrammerAutomation/Reports/16-03-2020_14-52-41-PM_REGRESSION/YBL_TA_Report_null_16-03-2020_14-52-41-PM.xls
16/03/2020 14:52:41 PM => Test execution log file : C:\iprogrammerAutomation/Log/Log_16-03-2020_14-52-41-PM.log
16/03/2020 14:52:41 PM => >>>>>>>>>>>>>>>>>>>>>>>>>>>>>>>>>>>>>>>>>>>>>>>>>>
16/03/2020 14:52:41 PM => TEMPLORARY CURRENT EXECUTION PARAMETERS:
16/03/2020 14:52:41 PM => Templorary folder path : C:\iprogrammerAutomation/Reports/16-03-2020_14-52-41-PM_REGRESSION/Temp/
16/03/2020 14:52:41 PM => Templorary TestSuite path : C:\iprogrammerAutomation/Suites/YBL_REGRESSION_Suite.xls
16/03/2020 14:52:41 PM => Templorary TestLog path : C:\iprogrammerAutomation/Reports/16-03-2020_14-52-41-PM_REGRESSION/Temp/TestExecutionLog.txt
16/03/2020 14:52:41 PM => Screen shot location for this execution : C:\iprogrammerAutomation/Reports/16-03-2020_14-52-41-PM_REGRESSION/Temp/
16/03/2020 14:52:41 PM => >>>>>>>>>>>>>>>>>>>>>>>>>>>>>>>>>>>>>>>>>>>>>>>>>>
16/03/2020 14:52:42 PM => Start Processing OR for YBL App...
16/03/2020 14:52:42 PM => Processing OR for YBL App has been completed in row : 48
16/03/2020 14:52:42 PM => Test Execution was started...
16/03/2020 14:52:42 PM => Start processing script file : MVAOffersPrepaid
16/03/2020 14:52:42 PM => Processing to add Common Steps...
16/03/2020 14:52:42 PM => Process of add Common Steps - Completed
16/03/2020 14:52:42 PM => Launch Web Driver process...
16/03/2020 14:53:20 PM => Script path : C:\iprogrammerAutomation/Reports/16-03-2020_14-52-41-PM_REGRESSION/Temp/MVAOffersPrepaid.xls
16/03/2020 14:53:20 PM => Step ID :--------- Step_R01
16/03/2020 14:53:20 PM => Exception from KeyAction: verifyprerequistites
16/03/2020 14:53:21 PM => Close Webdriver Process - Completed
16/03/2020 14:53:21 PM => *******************************************************************
16/03/2020 14:53:21 PM => ***** Test script result :Fail*****
16/03/2020 14:53:21 PM => *** Test script Execution Time: 00:0.4 ***
16/03/2020 14:53:21 PM => *******************************************************************
16/03/2020 14:53:21 PM => Processing Suite file was completed in row:4
16/03/2020 14:53:21 PM => ==================================
16/03/2020 14:53:21 PM => Total Statistics: 
16/03/2020 14:53:21 PM => Total Tests Run : 1
16/03/2020 14:53:21 PM => Tests PASSED : 0
16/03/2020 14:53:21 PM => Tests FAILED : 1
16/03/2020 14:53:21 PM => JavaScript Errors : 0
16/03/2020 14:53:21 PM => ==================================
16/03/2020 14:53:21 PM => ***TEST RUN FAILED***
16/03/2020 14:53:21 PM => ***********Execution Completed Successfully**********
