20/03/2020 16:53:26 PM => Environment values............
20/03/2020 16:53:26 PM => >>>>>>>>>>>>>>>>>>>>>>>>>>>>>>>>>>>>>>>>>>>>>>>>>>
20/03/2020 16:53:26 PM => Application on which executed : YBL
20/03/2020 16:53:26 PM => Type of testing : REGRESSION
20/03/2020 16:53:26 PM => Test environment on which application executed : 
20/03/2020 16:53:26 PM => URL : null
20/03/2020 16:53:26 PM => Driver Settings...>>>>>>>>>>>>>>>>>>>>>>>>>>>>>>>>>
20/03/2020 16:53:26 PM => STARTFROMHOMEPAGE <null> : NO
20/03/2020 16:53:26 PM => CLEARCOOKIEFOREACHTEST: NO
20/03/2020 16:53:26 PM => JAVASCRIPTTIMEOUT: 60
20/03/2020 16:53:26 PM => VERIFYJAVASCRIPTERRORS: YES
20/03/2020 16:53:26 PM => ALERTAUTOACCEPT: NO
20/03/2020 16:53:26 PM => Environment file location : C:\iprogrammerAutomation/Config/Env.xml
20/03/2020 16:53:26 PM => Executed on browser : null
20/03/2020 16:53:26 PM => Repository location : C:\iprogrammerAutomation/Repository/YBL_OR.xls
20/03/2020 16:53:26 PM => Suite file name and location : C:\iprogrammerAutomation/Suites/YBL_REGRESSION_Suite.xls
20/03/2020 16:53:26 PM => Test execution report file : C:\iprogrammerAutomation/Reports/20-03-2020_16-53-26-PM_REGRESSION/YBL_TA_Report_null_20-03-2020_16-53-26-PM.xls
20/03/2020 16:53:26 PM => Test execution log file : C:\iprogrammerAutomation/Log/Log_20-03-2020_16-53-26-PM.log
20/03/2020 16:53:26 PM => >>>>>>>>>>>>>>>>>>>>>>>>>>>>>>>>>>>>>>>>>>>>>>>>>>
20/03/2020 16:53:26 PM => TEMPLORARY CURRENT EXECUTION PARAMETERS:
20/03/2020 16:53:26 PM => Templorary folder path : C:\iprogrammerAutomation/Reports/20-03-2020_16-53-26-PM_REGRESSION/Temp/
20/03/2020 16:53:26 PM => Templorary TestSuite path : C:\iprogrammerAutomation/Suites/YBL_REGRESSION_Suite.xls
20/03/2020 16:53:26 PM => Templorary TestLog path : C:\iprogrammerAutomation/Reports/20-03-2020_16-53-26-PM_REGRESSION/Temp/TestExecutionLog.txt
20/03/2020 16:53:26 PM => Screen shot location for this execution : C:\iprogrammerAutomation/Reports/20-03-2020_16-53-26-PM_REGRESSION/Temp/
20/03/2020 16:53:26 PM => >>>>>>>>>>>>>>>>>>>>>>>>>>>>>>>>>>>>>>>>>>>>>>>>>>
