26/03/2020 14:04:52 PM => Environment values............
26/03/2020 14:04:52 PM => >>>>>>>>>>>>>>>>>>>>>>>>>>>>>>>>>>>>>>>>>>>>>>>>>>
26/03/2020 14:04:52 PM => Application on which executed : YBL
26/03/2020 14:04:52 PM => Type of testing : REGRESSION
26/03/2020 14:04:52 PM => Test environment on which application executed : 
26/03/2020 14:04:52 PM => URL : null
26/03/2020 14:04:52 PM => Driver Settings...>>>>>>>>>>>>>>>>>>>>>>>>>>>>>>>>>
26/03/2020 14:04:52 PM => STARTFROMHOMEPAGE <null> : NO
26/03/2020 14:04:52 PM => CLEARCOOKIEFOREACHTEST: NO
26/03/2020 14:04:52 PM => JAVASCRIPTTIMEOUT: 60
26/03/2020 14:04:52 PM => VERIFYJAVASCRIPTERRORS: YES
26/03/2020 14:04:52 PM => ALERTAUTOACCEPT: NO
26/03/2020 14:04:52 PM => Environment file location : C:\iprogrammerAutomation/Config/Env.xml
26/03/2020 14:04:52 PM => Executed on browser : null
26/03/2020 14:04:52 PM => Repository location : C:\iprogrammerAutomation/Repository/YBL_OR.xls
26/03/2020 14:04:52 PM => Suite file name and location : C:\iprogrammerAutomation/Suites/YBL_REGRESSION_Suite.xls
26/03/2020 14:04:52 PM => Test execution report file : C:\iprogrammerAutomation/Reports/26-03-2020_14-04-52-PM_REGRESSION/YBL_TA_Report_null_26-03-2020_14-04-52-PM.xls
26/03/2020 14:04:52 PM => Test execution log file : C:\iprogrammerAutomation/Log/Log_26-03-2020_14-04-52-PM.log
26/03/2020 14:04:52 PM => >>>>>>>>>>>>>>>>>>>>>>>>>>>>>>>>>>>>>>>>>>>>>>>>>>
26/03/2020 14:04:52 PM => TEMPLORARY CURRENT EXECUTION PARAMETERS:
26/03/2020 14:04:52 PM => Templorary folder path : C:\iprogrammerAutomation/Reports/26-03-2020_14-04-52-PM_REGRESSION/Temp/
26/03/2020 14:04:52 PM => Templorary TestSuite path : C:\iprogrammerAutomation/Suites/YBL_REGRESSION_Suite.xls
26/03/2020 14:04:52 PM => Templorary TestLog path : C:\iprogrammerAutomation/Reports/26-03-2020_14-04-52-PM_REGRESSION/Temp/TestExecutionLog.txt
26/03/2020 14:04:52 PM => Screen shot location for this execution : C:\iprogrammerAutomation/Reports/26-03-2020_14-04-52-PM_REGRESSION/Temp/
26/03/2020 14:04:52 PM => >>>>>>>>>>>>>>>>>>>>>>>>>>>>>>>>>>>>>>>>>>>>>>>>>>
26/03/2020 14:04:52 PM => Environment values............
26/03/2020 14:04:52 PM => >>>>>>>>>>>>>>>>>>>>>>>>>>>>>>>>>>>>>>>>>>>>>>>>>>
26/03/2020 14:04:52 PM => Application on which executed : YBL
26/03/2020 14:04:52 PM => Type of testing : REGRESSION
26/03/2020 14:04:52 PM => Test environment on which application executed : 
26/03/2020 14:04:52 PM => URL : null
26/03/2020 14:04:52 PM => Driver Settings...>>>>>>>>>>>>>>>>>>>>>>>>>>>>>>>>>
26/03/2020 14:04:52 PM => STARTFROMHOMEPAGE <null> : NO
26/03/2020 14:04:52 PM => CLEARCOOKIEFOREACHTEST: NO
26/03/2020 14:04:52 PM => JAVASCRIPTTIMEOUT: 60
26/03/2020 14:04:52 PM => VERIFYJAVASCRIPTERRORS: YES
26/03/2020 14:04:52 PM => ALERTAUTOACCEPT: NO
26/03/2020 14:04:52 PM => Environment file location : C:\iprogrammerAutomation/Config/Env.xml
26/03/2020 14:04:52 PM => Executed on browser : null
26/03/2020 14:04:52 PM => Repository location : C:\iprogrammerAutomation/Repository/YBL_OR.xls
26/03/2020 14:04:52 PM => Suite file name and location : C:\iprogrammerAutomation/Suites/YBL_REGRESSION_Suite.xls
26/03/2020 14:04:52 PM => Test execution report file : C:\iprogrammerAutomation/Reports/26-03-2020_14-04-52-PM_REGRESSION/YBL_TA_Report_null_26-03-2020_14-04-52-PM.xls
26/03/2020 14:04:52 PM => Test execution log file : C:\iprogrammerAutomation/Log/Log_26-03-2020_14-04-52-PM.log
26/03/2020 14:04:52 PM => >>>>>>>>>>>>>>>>>>>>>>>>>>>>>>>>>>>>>>>>>>>>>>>>>>
26/03/2020 14:04:52 PM => TEMPLORARY CURRENT EXECUTION PARAMETERS:
26/03/2020 14:04:52 PM => Templorary folder path : C:\iprogrammerAutomation/Reports/26-03-2020_14-04-52-PM_REGRESSION/Temp/
26/03/2020 14:04:52 PM => Templorary TestSuite path : C:\iprogrammerAutomation/Suites/YBL_REGRESSION_Suite.xls
26/03/2020 14:04:52 PM => Templorary TestLog path : C:\iprogrammerAutomation/Reports/26-03-2020_14-04-52-PM_REGRESSION/Temp/TestExecutionLog.txt
26/03/2020 14:04:52 PM => Screen shot location for this execution : C:\iprogrammerAutomation/Reports/26-03-2020_14-04-52-PM_REGRESSION/Temp/
26/03/2020 14:04:52 PM => >>>>>>>>>>>>>>>>>>>>>>>>>>>>>>>>>>>>>>>>>>>>>>>>>>
26/03/2020 14:04:52 PM => Start Processing OR for YBL App...
26/03/2020 14:04:53 PM => Processing OR for YBL App has been completed in row : 60
26/03/2020 14:04:53 PM => Test Execution was started...
26/03/2020 14:04:53 PM => Start processing script file : ActivePlan&packsscreenPostpaid1
26/03/2020 14:04:53 PM => Processing to add Common Steps...
26/03/2020 14:04:53 PM => Process of add Common Steps - Completed
26/03/2020 14:04:53 PM => Launch Web Driver process...
26/03/2020 14:05:28 PM => Script path : C:\iprogrammerAutomation/Reports/26-03-2020_14-04-52-PM_REGRESSION/Temp/ActivePlan&packsscreenPostpaid1.xls
26/03/2020 14:05:28 PM => Step ID :--------- Step_R01
26/03/2020 14:05:36 PM => Element :AM_VerifyfodaApppresent - Pass
26/03/2020 14:05:37 PM => Step ID :--------- Step_R02
26/03/2020 14:05:45 PM => Enter text into :AM_EnterMSIDNo - Pass
26/03/2020 14:05:45 PM => Step ID :--------- Step_R03
26/03/2020 14:05:46 PM => Click on :AM_clickOnSendOTP - Pass
26/03/2020 14:05:47 PM => Step ID :--------- Step_R04
26/03/2020 14:05:55 PM => Click on :AM_typeOTP - Pass
26/03/2020 14:05:55 PM => Step ID :--------- Step_R05
26/03/2020 14:06:06 PM => Enter text into :AM_typeOTP - Pass
26/03/2020 14:06:06 PM => Step ID :--------- Step_R06
26/03/2020 14:06:07 PM => Click on :AM_SubmitButton - Pass
26/03/2020 14:06:07 PM => Step ID :--------- Step_R07
26/03/2020 14:06:12 PM => Click on :AM_MyAccountB - Pass
26/03/2020 14:06:12 PM => Step ID :--------- Step_R08
26/03/2020 14:06:42 PM => Wait for elementAM_ActivePlanpacks with locator/hierarchy/android.widget.FrameLayout/android.widget.LinearLayout/android.widget.FrameLayout/android.widget.FrameLayout/android.widget.FrameLayout/android.widget.FrameLayout/android.webkit.WebView/android.webkit.WebView/android.view.View/android.view.View/android.view.View/android.view.View/android.view.View/android.view.View/android.view.View/android.view.View/android.view.View/android.view.View/android.view.View[2]/android.view.View/android.widget.ListView/android.view.View[1]/android.view.View present (TimeOut) - Fail
26/03/2020 14:06:42 PM => Click on :AM_ActivePlanpacks - Fail
26/03/2020 14:06:45 PM => Close Webdriver Process - Completed
26/03/2020 14:06:45 PM => *******************************************************************
26/03/2020 14:06:45 PM => ***** Test script result :Fail*****
26/03/2020 14:06:45 PM => *** Test script Execution Time: 01:15.6 ***
26/03/2020 14:06:45 PM => *******************************************************************
26/03/2020 14:06:45 PM => Processing Suite file was completed in row:111
26/03/2020 14:06:45 PM => ==================================
26/03/2020 14:06:45 PM => Total Statistics: 
26/03/2020 14:06:45 PM => Total Tests Run : 1
26/03/2020 14:06:45 PM => Tests PASSED : 0
26/03/2020 14:06:45 PM => Tests FAILED : 1
26/03/2020 14:06:45 PM => JavaScript Errors : 0
26/03/2020 14:06:45 PM => ==================================
26/03/2020 14:06:45 PM => ***TEST RUN FAILED***
26/03/2020 14:06:45 PM => ***********Execution Completed Successfully**********
