20/03/2020 15:55:23 PM => Environment values............
20/03/2020 15:55:23 PM => >>>>>>>>>>>>>>>>>>>>>>>>>>>>>>>>>>>>>>>>>>>>>>>>>>
20/03/2020 15:55:23 PM => Application on which executed : YBL
20/03/2020 15:55:23 PM => Type of testing : REGRESSION
20/03/2020 15:55:23 PM => Test environment on which application executed : 
20/03/2020 15:55:23 PM => URL : null
20/03/2020 15:55:23 PM => Driver Settings...>>>>>>>>>>>>>>>>>>>>>>>>>>>>>>>>>
20/03/2020 15:55:23 PM => STARTFROMHOMEPAGE <null> : NO
20/03/2020 15:55:23 PM => CLEARCOOKIEFOREACHTEST: NO
20/03/2020 15:55:23 PM => JAVASCRIPTTIMEOUT: 60
20/03/2020 15:55:23 PM => VERIFYJAVASCRIPTERRORS: YES
20/03/2020 15:55:23 PM => ALERTAUTOACCEPT: NO
20/03/2020 15:55:23 PM => Environment file location : C:\iprogrammerAutomation/Config/Env.xml
20/03/2020 15:55:23 PM => Executed on browser : null
20/03/2020 15:55:23 PM => Repository location : C:\iprogrammerAutomation/Repository/YBL_OR.xls
20/03/2020 15:55:23 PM => Suite file name and location : C:\iprogrammerAutomation/Suites/YBL_REGRESSION_Suite.xls
20/03/2020 15:55:23 PM => Test execution report file : C:\iprogrammerAutomation/Reports/20-03-2020_15-55-23-PM_REGRESSION/YBL_TA_Report_null_20-03-2020_15-55-23-PM.xls
20/03/2020 15:55:23 PM => Test execution log file : C:\iprogrammerAutomation/Log/Log_20-03-2020_15-55-23-PM.log
20/03/2020 15:55:23 PM => >>>>>>>>>>>>>>>>>>>>>>>>>>>>>>>>>>>>>>>>>>>>>>>>>>
20/03/2020 15:55:23 PM => TEMPLORARY CURRENT EXECUTION PARAMETERS:
20/03/2020 15:55:23 PM => Templorary folder path : C:\iprogrammerAutomation/Reports/20-03-2020_15-55-23-PM_REGRESSION/Temp/
20/03/2020 15:55:23 PM => Templorary TestSuite path : C:\iprogrammerAutomation/Suites/YBL_REGRESSION_Suite.xls
20/03/2020 15:55:23 PM => Templorary TestLog path : C:\iprogrammerAutomation/Reports/20-03-2020_15-55-23-PM_REGRESSION/Temp/TestExecutionLog.txt
20/03/2020 15:55:23 PM => Screen shot location for this execution : C:\iprogrammerAutomation/Reports/20-03-2020_15-55-23-PM_REGRESSION/Temp/
20/03/2020 15:55:23 PM => >>>>>>>>>>>>>>>>>>>>>>>>>>>>>>>>>>>>>>>>>>>>>>>>>>
20/03/2020 15:55:23 PM => Environment values............
20/03/2020 15:55:23 PM => >>>>>>>>>>>>>>>>>>>>>>>>>>>>>>>>>>>>>>>>>>>>>>>>>>
20/03/2020 15:55:23 PM => Application on which executed : YBL
20/03/2020 15:55:23 PM => Type of testing : REGRESSION
20/03/2020 15:55:23 PM => Test environment on which application executed : 
20/03/2020 15:55:23 PM => URL : null
20/03/2020 15:55:23 PM => Driver Settings...>>>>>>>>>>>>>>>>>>>>>>>>>>>>>>>>>
20/03/2020 15:55:23 PM => STARTFROMHOMEPAGE <null> : NO
20/03/2020 15:55:23 PM => CLEARCOOKIEFOREACHTEST: NO
20/03/2020 15:55:23 PM => JAVASCRIPTTIMEOUT: 60
20/03/2020 15:55:23 PM => VERIFYJAVASCRIPTERRORS: YES
20/03/2020 15:55:23 PM => ALERTAUTOACCEPT: NO
20/03/2020 15:55:23 PM => Environment file location : C:\iprogrammerAutomation/Config/Env.xml
20/03/2020 15:55:23 PM => Executed on browser : null
20/03/2020 15:55:23 PM => Repository location : C:\iprogrammerAutomation/Repository/YBL_OR.xls
20/03/2020 15:55:23 PM => Suite file name and location : C:\iprogrammerAutomation/Suites/YBL_REGRESSION_Suite.xls
20/03/2020 15:55:23 PM => Test execution report file : C:\iprogrammerAutomation/Reports/20-03-2020_15-55-23-PM_REGRESSION/YBL_TA_Report_null_20-03-2020_15-55-23-PM.xls
20/03/2020 15:55:23 PM => Test execution log file : C:\iprogrammerAutomation/Log/Log_20-03-2020_15-55-23-PM.log
20/03/2020 15:55:23 PM => >>>>>>>>>>>>>>>>>>>>>>>>>>>>>>>>>>>>>>>>>>>>>>>>>>
20/03/2020 15:55:23 PM => TEMPLORARY CURRENT EXECUTION PARAMETERS:
20/03/2020 15:55:23 PM => Templorary folder path : C:\iprogrammerAutomation/Reports/20-03-2020_15-55-23-PM_REGRESSION/Temp/
20/03/2020 15:55:23 PM => Templorary TestSuite path : C:\iprogrammerAutomation/Suites/YBL_REGRESSION_Suite.xls
20/03/2020 15:55:23 PM => Templorary TestLog path : C:\iprogrammerAutomation/Reports/20-03-2020_15-55-23-PM_REGRESSION/Temp/TestExecutionLog.txt
20/03/2020 15:55:23 PM => Screen shot location for this execution : C:\iprogrammerAutomation/Reports/20-03-2020_15-55-23-PM_REGRESSION/Temp/
20/03/2020 15:55:23 PM => >>>>>>>>>>>>>>>>>>>>>>>>>>>>>>>>>>>>>>>>>>>>>>>>>>
20/03/2020 15:55:23 PM => Start Processing OR for YBL App...
20/03/2020 15:55:23 PM => Processing OR for YBL App has been completed in row : 56
20/03/2020 15:55:23 PM => Test Execution was started...
20/03/2020 15:55:23 PM => Start processing script file : OfferPrepaid1
20/03/2020 15:55:23 PM => Processing to add Common Steps...
20/03/2020 15:55:24 PM => Process of add Common Steps - Completed
20/03/2020 15:55:24 PM => Launch Web Driver process...
20/03/2020 15:56:01 PM => Script path : C:\iprogrammerAutomation/Reports/20-03-2020_15-55-23-PM_REGRESSION/Temp/OfferPrepaid1.xls
20/03/2020 15:56:01 PM => Step ID :--------- Step_R01
20/03/2020 15:56:20 PM => Element :AM_VerifyfodaApppresent - Pass
20/03/2020 15:56:20 PM => Step ID :--------- Step_R02
20/03/2020 15:56:21 PM => Element :AM_VerifyfodaApppresent - Pass
20/03/2020 15:56:21 PM => Step ID :--------- Step_R03
20/03/2020 15:56:29 PM => Enter text into :AM_EnterMSIDNo - Pass
20/03/2020 15:56:29 PM => Step ID :--------- Step_R04
20/03/2020 15:56:30 PM => Click on :AM_clickOnSendOTP - Pass
20/03/2020 15:56:31 PM => Step ID :--------- Step_R05
20/03/2020 15:56:48 PM => Enter text into :AM_typeOTP - Pass
20/03/2020 15:56:48 PM => Step ID :--------- Step_R06
20/03/2020 15:56:49 PM => Click on :AM_SubmitButton - Pass
20/03/2020 15:56:49 PM => Step ID :--------- Step_R07
20/03/2020 15:57:19 PM => Wait for elementAM_Skipbutton with locator/hierarchy/android.widget.FrameLayout/android.widget.LinearLayout/android.widget.FrameLayout/android.widget.FrameLayout/android.widget.FrameLayout/android.widget.FrameLayout/android.webkit.WebView/android.webkit.WebView/android.view.View/android.view.View/android.view.View/android.view.View/android.view.View/android.view.View/android.view.View[2]/android.widget.Button present (TimeOut) - Fail
20/03/2020 15:57:19 PM => Click on :AM_Skipbutton - Fail
20/03/2020 15:57:22 PM => Close Webdriver Process - Completed
20/03/2020 15:57:22 PM => *******************************************************************
20/03/2020 15:57:22 PM => ***** Test script result :Fail*****
20/03/2020 15:57:22 PM => *** Test script Execution Time: 01:20.0 ***
20/03/2020 15:57:22 PM => *******************************************************************
20/03/2020 15:57:22 PM => Start processing script file : OfferPrepaid2
20/03/2020 15:57:22 PM => Processing to add Common Steps...
20/03/2020 15:57:22 PM => Process of add Common Steps - Completed
20/03/2020 15:57:22 PM => Launch Web Driver process...
20/03/2020 15:57:58 PM => Script path : C:\iprogrammerAutomation/Reports/20-03-2020_15-55-23-PM_REGRESSION/Temp/OfferPrepaid2.xls
20/03/2020 15:57:58 PM => Step ID :--------- Step_R01
20/03/2020 15:58:28 PM => Wait for elementAM_VerifyfodaApp with locator//android.view.View[@text='Welcome!'] present (TimeOut) - Fail
20/03/2020 15:58:28 PM => Element :AM_VerifyfodaApp not found - Fail
20/03/2020 15:58:31 PM => Close Webdriver Process - Completed
20/03/2020 15:58:31 PM => *******************************************************************
20/03/2020 15:58:31 PM => ***** Test script result :Fail*****
20/03/2020 15:58:31 PM => *** Test script Execution Time: 00:31.6 ***
20/03/2020 15:58:31 PM => *******************************************************************
20/03/2020 15:58:31 PM => Processing Suite file was completed in row:91
20/03/2020 15:58:31 PM => ==================================
20/03/2020 15:58:31 PM => Total Statistics: 
20/03/2020 15:58:31 PM => Total Tests Run : 2
20/03/2020 15:58:31 PM => Tests PASSED : 0
20/03/2020 15:58:31 PM => Tests FAILED : 2
20/03/2020 15:58:31 PM => JavaScript Errors : 0
20/03/2020 15:58:31 PM => ==================================
20/03/2020 15:58:31 PM => ***TEST RUN FAILED***
20/03/2020 15:58:31 PM => ***********Execution Completed Successfully**********
