17/03/2020 15:08:25 PM => Environment values............
17/03/2020 15:08:25 PM => >>>>>>>>>>>>>>>>>>>>>>>>>>>>>>>>>>>>>>>>>>>>>>>>>>
17/03/2020 15:08:25 PM => Application on which executed : YBL
17/03/2020 15:08:25 PM => Type of testing : REGRESSION
17/03/2020 15:08:25 PM => Test environment on which application executed : 
17/03/2020 15:08:25 PM => URL : null
17/03/2020 15:08:25 PM => Driver Settings...>>>>>>>>>>>>>>>>>>>>>>>>>>>>>>>>>
17/03/2020 15:08:25 PM => STARTFROMHOMEPAGE <null> : NO
17/03/2020 15:08:25 PM => CLEARCOOKIEFOREACHTEST: NO
17/03/2020 15:08:25 PM => JAVASCRIPTTIMEOUT: 60
17/03/2020 15:08:25 PM => VERIFYJAVASCRIPTERRORS: YES
17/03/2020 15:08:25 PM => ALERTAUTOACCEPT: NO
17/03/2020 15:08:25 PM => Environment file location : C:\iprogrammerAutomation/Config/Env.xml
17/03/2020 15:08:25 PM => Executed on browser : null
17/03/2020 15:08:25 PM => Repository location : C:\iprogrammerAutomation/Repository/YBL_OR.xls
17/03/2020 15:08:25 PM => Suite file name and location : C:\iprogrammerAutomation/Suites/YBL_REGRESSION_Suite.xls
17/03/2020 15:08:25 PM => Test execution report file : C:\iprogrammerAutomation/Reports/17-03-2020_15-08-25-PM_REGRESSION/YBL_TA_Report_null_17-03-2020_15-08-25-PM.xls
17/03/2020 15:08:25 PM => Test execution log file : C:\iprogrammerAutomation/Log/Log_17-03-2020_15-08-25-PM.log
17/03/2020 15:08:25 PM => >>>>>>>>>>>>>>>>>>>>>>>>>>>>>>>>>>>>>>>>>>>>>>>>>>
17/03/2020 15:08:25 PM => TEMPLORARY CURRENT EXECUTION PARAMETERS:
17/03/2020 15:08:25 PM => Templorary folder path : C:\iprogrammerAutomation/Reports/17-03-2020_15-08-25-PM_REGRESSION/Temp/
17/03/2020 15:08:25 PM => Templorary TestSuite path : C:\iprogrammerAutomation/Suites/YBL_REGRESSION_Suite.xls
17/03/2020 15:08:25 PM => Templorary TestLog path : C:\iprogrammerAutomation/Reports/17-03-2020_15-08-25-PM_REGRESSION/Temp/TestExecutionLog.txt
17/03/2020 15:08:25 PM => Screen shot location for this execution : C:\iprogrammerAutomation/Reports/17-03-2020_15-08-25-PM_REGRESSION/Temp/
17/03/2020 15:08:25 PM => >>>>>>>>>>>>>>>>>>>>>>>>>>>>>>>>>>>>>>>>>>>>>>>>>>
