20/03/2020 15:40:12 PM => Environment values............
20/03/2020 15:40:12 PM => >>>>>>>>>>>>>>>>>>>>>>>>>>>>>>>>>>>>>>>>>>>>>>>>>>
20/03/2020 15:40:12 PM => Application on which executed : YBL
20/03/2020 15:40:12 PM => Type of testing : REGRESSION
20/03/2020 15:40:12 PM => Test environment on which application executed : 
20/03/2020 15:40:12 PM => URL : null
20/03/2020 15:40:12 PM => Driver Settings...>>>>>>>>>>>>>>>>>>>>>>>>>>>>>>>>>
20/03/2020 15:40:12 PM => STARTFROMHOMEPAGE <null> : NO
20/03/2020 15:40:12 PM => CLEARCOOKIEFOREACHTEST: NO
20/03/2020 15:40:12 PM => JAVASCRIPTTIMEOUT: 60
20/03/2020 15:40:12 PM => VERIFYJAVASCRIPTERRORS: YES
20/03/2020 15:40:12 PM => ALERTAUTOACCEPT: NO
20/03/2020 15:40:12 PM => Environment file location : C:\iprogrammerAutomation/Config/Env.xml
20/03/2020 15:40:12 PM => Executed on browser : null
20/03/2020 15:40:12 PM => Repository location : C:\iprogrammerAutomation/Repository/YBL_OR.xls
20/03/2020 15:40:12 PM => Suite file name and location : C:\iprogrammerAutomation/Suites/YBL_REGRESSION_Suite.xls
20/03/2020 15:40:12 PM => Test execution report file : C:\iprogrammerAutomation/Reports/20-03-2020_15-40-12-PM_REGRESSION/YBL_TA_Report_null_20-03-2020_15-40-12-PM.xls
20/03/2020 15:40:12 PM => Test execution log file : C:\iprogrammerAutomation/Log/Log_20-03-2020_15-40-12-PM.log
20/03/2020 15:40:12 PM => >>>>>>>>>>>>>>>>>>>>>>>>>>>>>>>>>>>>>>>>>>>>>>>>>>
20/03/2020 15:40:12 PM => TEMPLORARY CURRENT EXECUTION PARAMETERS:
20/03/2020 15:40:12 PM => Templorary folder path : C:\iprogrammerAutomation/Reports/20-03-2020_15-40-12-PM_REGRESSION/Temp/
20/03/2020 15:40:12 PM => Templorary TestSuite path : C:\iprogrammerAutomation/Suites/YBL_REGRESSION_Suite.xls
20/03/2020 15:40:12 PM => Templorary TestLog path : C:\iprogrammerAutomation/Reports/20-03-2020_15-40-12-PM_REGRESSION/Temp/TestExecutionLog.txt
20/03/2020 15:40:12 PM => Screen shot location for this execution : C:\iprogrammerAutomation/Reports/20-03-2020_15-40-12-PM_REGRESSION/Temp/
20/03/2020 15:40:12 PM => >>>>>>>>>>>>>>>>>>>>>>>>>>>>>>>>>>>>>>>>>>>>>>>>>>
20/03/2020 15:40:12 PM => Environment values............
20/03/2020 15:40:12 PM => >>>>>>>>>>>>>>>>>>>>>>>>>>>>>>>>>>>>>>>>>>>>>>>>>>
20/03/2020 15:40:12 PM => Application on which executed : YBL
20/03/2020 15:40:12 PM => Type of testing : REGRESSION
20/03/2020 15:40:12 PM => Test environment on which application executed : 
20/03/2020 15:40:12 PM => URL : null
20/03/2020 15:40:12 PM => Driver Settings...>>>>>>>>>>>>>>>>>>>>>>>>>>>>>>>>>
20/03/2020 15:40:12 PM => STARTFROMHOMEPAGE <null> : NO
20/03/2020 15:40:12 PM => CLEARCOOKIEFOREACHTEST: NO
20/03/2020 15:40:12 PM => JAVASCRIPTTIMEOUT: 60
20/03/2020 15:40:12 PM => VERIFYJAVASCRIPTERRORS: YES
20/03/2020 15:40:12 PM => ALERTAUTOACCEPT: NO
20/03/2020 15:40:12 PM => Environment file location : C:\iprogrammerAutomation/Config/Env.xml
20/03/2020 15:40:12 PM => Executed on browser : null
20/03/2020 15:40:12 PM => Repository location : C:\iprogrammerAutomation/Repository/YBL_OR.xls
20/03/2020 15:40:12 PM => Suite file name and location : C:\iprogrammerAutomation/Suites/YBL_REGRESSION_Suite.xls
20/03/2020 15:40:12 PM => Test execution report file : C:\iprogrammerAutomation/Reports/20-03-2020_15-40-12-PM_REGRESSION/YBL_TA_Report_null_20-03-2020_15-40-12-PM.xls
20/03/2020 15:40:12 PM => Test execution log file : C:\iprogrammerAutomation/Log/Log_20-03-2020_15-40-12-PM.log
20/03/2020 15:40:12 PM => >>>>>>>>>>>>>>>>>>>>>>>>>>>>>>>>>>>>>>>>>>>>>>>>>>
20/03/2020 15:40:12 PM => TEMPLORARY CURRENT EXECUTION PARAMETERS:
20/03/2020 15:40:12 PM => Templorary folder path : C:\iprogrammerAutomation/Reports/20-03-2020_15-40-12-PM_REGRESSION/Temp/
20/03/2020 15:40:12 PM => Templorary TestSuite path : C:\iprogrammerAutomation/Suites/YBL_REGRESSION_Suite.xls
20/03/2020 15:40:12 PM => Templorary TestLog path : C:\iprogrammerAutomation/Reports/20-03-2020_15-40-12-PM_REGRESSION/Temp/TestExecutionLog.txt
20/03/2020 15:40:12 PM => Screen shot location for this execution : C:\iprogrammerAutomation/Reports/20-03-2020_15-40-12-PM_REGRESSION/Temp/
20/03/2020 15:40:12 PM => >>>>>>>>>>>>>>>>>>>>>>>>>>>>>>>>>>>>>>>>>>>>>>>>>>
20/03/2020 15:40:12 PM => Start Processing OR for YBL App...
20/03/2020 15:40:12 PM => Processing OR for YBL App has been completed in row : 56
20/03/2020 15:40:12 PM => Test Execution was started...
20/03/2020 15:40:12 PM => Start processing script file : OfferPrepaid1
20/03/2020 15:40:12 PM => Processing to add Common Steps...
20/03/2020 15:40:13 PM => Process of add Common Steps - Completed
20/03/2020 15:40:13 PM => Launch Web Driver process...
20/03/2020 15:41:01 PM => Script path : C:\iprogrammerAutomation/Reports/20-03-2020_15-40-12-PM_REGRESSION/Temp/OfferPrepaid1.xls
20/03/2020 15:41:01 PM => Step ID :--------- Step_R01
20/03/2020 15:41:26 PM => Element :AM_VerifyfodaApppresent - Pass
20/03/2020 15:41:26 PM => Step ID :--------- Step_R02
20/03/2020 15:41:26 PM => Element :AM_VerifyfodaApppresent - Pass
20/03/2020 15:41:27 PM => Step ID :--------- Step_R03
20/03/2020 15:41:35 PM => Enter text into :AM_EnterMSIDNo - Pass
20/03/2020 15:41:35 PM => Step ID :--------- Step_R04
20/03/2020 15:41:36 PM => Click on :AM_clickOnSendOTP - Pass
20/03/2020 15:41:36 PM => Step ID :--------- Step_R05
20/03/2020 15:42:07 PM => Wait for elementAM_typeOTP with locator/hierarchy/android.widget.FrameLayout/android.widget.LinearLayout/android.widget.FrameLayout/android.widget.FrameLayout/android.widget.FrameLayout/android.widget.FrameLayout/android.webkit.WebView/android.webkit.WebView/android.view.View/android.view.View/android.view.View/android.view.View/android.view.View/android.view.View/android.view.View[2]/android.view.View/android.view.View[1]/android.view.View[4]/android.widget.EditText present (TimeOut) - Fail
20/03/2020 15:42:07 PM => Enter text into :AM_typeOTP - Fail
20/03/2020 15:42:09 PM => Close Webdriver Process - Completed
20/03/2020 15:42:09 PM => *******************************************************************
20/03/2020 15:42:09 PM => ***** Test script result :Fail*****
20/03/2020 15:42:09 PM => *** Test script Execution Time: 01:6.8 ***
20/03/2020 15:42:09 PM => *******************************************************************
20/03/2020 15:42:09 PM => Start processing script file : OfferPrepaid2
20/03/2020 15:42:09 PM => Processing to add Common Steps...
20/03/2020 15:42:09 PM => Process of add Common Steps - Completed
20/03/2020 15:42:09 PM => Launch Web Driver process...
20/03/2020 15:42:44 PM => Script path : C:\iprogrammerAutomation/Reports/20-03-2020_15-40-12-PM_REGRESSION/Temp/OfferPrepaid2.xls
20/03/2020 15:42:44 PM => Step ID :--------- Step_R01
20/03/2020 15:42:51 PM => Element :AM_VerifyfodaApppresent - Pass
20/03/2020 15:42:51 PM => Step ID :--------- Step_R02
20/03/2020 15:42:52 PM => Element :AM_VerifyfodaApppresent - Pass
20/03/2020 15:42:52 PM => Step ID :--------- Step_R03
20/03/2020 15:43:01 PM => Enter text into :AM_EnterMSIDNo - Pass
20/03/2020 15:43:01 PM => Step ID :--------- Step_R04
20/03/2020 15:43:02 PM => Click on :AM_clickOnSendOTP - Pass
20/03/2020 15:43:02 PM => Step ID :--------- Step_R05
20/03/2020 15:43:33 PM => Wait for elementAM_typeOTP with locator/hierarchy/android.widget.FrameLayout/android.widget.LinearLayout/android.widget.FrameLayout/android.widget.FrameLayout/android.widget.FrameLayout/android.widget.FrameLayout/android.webkit.WebView/android.webkit.WebView/android.view.View/android.view.View/android.view.View/android.view.View/android.view.View/android.view.View/android.view.View[2]/android.view.View/android.view.View[1]/android.view.View[4]/android.widget.EditText present (TimeOut) - Fail
20/03/2020 15:43:33 PM => Enter text into :AM_typeOTP - Fail
20/03/2020 15:43:35 PM => Close Webdriver Process - Completed
20/03/2020 15:43:35 PM => *******************************************************************
20/03/2020 15:43:35 PM => ***** Test script result :Fail*****
20/03/2020 15:43:35 PM => *** Test script Execution Time: 00:50.1 ***
20/03/2020 15:43:35 PM => *******************************************************************
20/03/2020 15:43:35 PM => Processing Suite file was completed in row:91
20/03/2020 15:43:35 PM => ==================================
20/03/2020 15:43:35 PM => Total Statistics: 
20/03/2020 15:43:35 PM => Total Tests Run : 2
20/03/2020 15:43:35 PM => Tests PASSED : 0
20/03/2020 15:43:35 PM => Tests FAILED : 2
20/03/2020 15:43:35 PM => JavaScript Errors : 0
20/03/2020 15:43:35 PM => ==================================
20/03/2020 15:43:35 PM => ***TEST RUN FAILED***
20/03/2020 15:43:35 PM => ***********Execution Completed Successfully**********
