16/03/2020 15:47:19 PM => Environment values............
16/03/2020 15:47:19 PM => >>>>>>>>>>>>>>>>>>>>>>>>>>>>>>>>>>>>>>>>>>>>>>>>>>
16/03/2020 15:47:19 PM => Application on which executed : YBL
16/03/2020 15:47:19 PM => Type of testing : REGRESSION
16/03/2020 15:47:19 PM => Test environment on which application executed : 
16/03/2020 15:47:19 PM => URL : null
16/03/2020 15:47:19 PM => Driver Settings...>>>>>>>>>>>>>>>>>>>>>>>>>>>>>>>>>
16/03/2020 15:47:19 PM => STARTFROMHOMEPAGE <null> : NO
16/03/2020 15:47:19 PM => CLEARCOOKIEFOREACHTEST: NO
16/03/2020 15:47:19 PM => JAVASCRIPTTIMEOUT: 60
16/03/2020 15:47:19 PM => VERIFYJAVASCRIPTERRORS: YES
16/03/2020 15:47:19 PM => ALERTAUTOACCEPT: NO
16/03/2020 15:47:19 PM => Environment file location : C:\iprogrammerAutomation/Config/Env.xml
16/03/2020 15:47:19 PM => Executed on browser : null
16/03/2020 15:47:19 PM => Repository location : C:\iprogrammerAutomation/Repository/YBL_OR.xls
16/03/2020 15:47:19 PM => Suite file name and location : C:\iprogrammerAutomation/Suites/YBL_REGRESSION_Suite.xls
16/03/2020 15:47:19 PM => Test execution report file : C:\iprogrammerAutomation/Reports/16-03-2020_15-47-19-PM_REGRESSION/YBL_TA_Report_null_16-03-2020_15-47-19-PM.xls
16/03/2020 15:47:19 PM => Test execution log file : C:\iprogrammerAutomation/Log/Log_16-03-2020_15-47-19-PM.log
16/03/2020 15:47:19 PM => >>>>>>>>>>>>>>>>>>>>>>>>>>>>>>>>>>>>>>>>>>>>>>>>>>
16/03/2020 15:47:19 PM => TEMPLORARY CURRENT EXECUTION PARAMETERS:
16/03/2020 15:47:19 PM => Templorary folder path : C:\iprogrammerAutomation/Reports/16-03-2020_15-47-19-PM_REGRESSION/Temp/
16/03/2020 15:47:19 PM => Templorary TestSuite path : C:\iprogrammerAutomation/Suites/YBL_REGRESSION_Suite.xls
16/03/2020 15:47:19 PM => Templorary TestLog path : C:\iprogrammerAutomation/Reports/16-03-2020_15-47-19-PM_REGRESSION/Temp/TestExecutionLog.txt
16/03/2020 15:47:19 PM => Screen shot location for this execution : C:\iprogrammerAutomation/Reports/16-03-2020_15-47-19-PM_REGRESSION/Temp/
16/03/2020 15:47:19 PM => >>>>>>>>>>>>>>>>>>>>>>>>>>>>>>>>>>>>>>>>>>>>>>>>>>
