26/03/2020 11:33:40 AM => Environment values............
26/03/2020 11:33:40 AM => >>>>>>>>>>>>>>>>>>>>>>>>>>>>>>>>>>>>>>>>>>>>>>>>>>
26/03/2020 11:33:40 AM => Application on which executed : YBL
26/03/2020 11:33:40 AM => Type of testing : REGRESSION
26/03/2020 11:33:40 AM => Test environment on which application executed : 
26/03/2020 11:33:40 AM => URL : null
26/03/2020 11:33:40 AM => Driver Settings...>>>>>>>>>>>>>>>>>>>>>>>>>>>>>>>>>
26/03/2020 11:33:40 AM => STARTFROMHOMEPAGE <null> : NO
26/03/2020 11:33:40 AM => CLEARCOOKIEFOREACHTEST: NO
26/03/2020 11:33:40 AM => JAVASCRIPTTIMEOUT: 60
26/03/2020 11:33:40 AM => VERIFYJAVASCRIPTERRORS: YES
26/03/2020 11:33:40 AM => ALERTAUTOACCEPT: NO
26/03/2020 11:33:40 AM => Environment file location : C:\iprogrammerAutomation/Config/Env.xml
26/03/2020 11:33:40 AM => Executed on browser : null
26/03/2020 11:33:40 AM => Repository location : C:\iprogrammerAutomation/Repository/YBL_OR.xls
26/03/2020 11:33:40 AM => Suite file name and location : C:\iprogrammerAutomation/Suites/YBL_REGRESSION_Suite.xls
26/03/2020 11:33:40 AM => Test execution report file : C:\iprogrammerAutomation/Reports/26-03-2020_11-33-40-AM_REGRESSION/YBL_TA_Report_null_26-03-2020_11-33-40-AM.xls
26/03/2020 11:33:40 AM => Test execution log file : C:\iprogrammerAutomation/Log/Log_26-03-2020_11-33-40-AM.log
26/03/2020 11:33:40 AM => >>>>>>>>>>>>>>>>>>>>>>>>>>>>>>>>>>>>>>>>>>>>>>>>>>
26/03/2020 11:33:40 AM => TEMPLORARY CURRENT EXECUTION PARAMETERS:
26/03/2020 11:33:40 AM => Templorary folder path : C:\iprogrammerAutomation/Reports/26-03-2020_11-33-40-AM_REGRESSION/Temp/
26/03/2020 11:33:40 AM => Templorary TestSuite path : C:\iprogrammerAutomation/Suites/YBL_REGRESSION_Suite.xls
26/03/2020 11:33:40 AM => Templorary TestLog path : C:\iprogrammerAutomation/Reports/26-03-2020_11-33-40-AM_REGRESSION/Temp/TestExecutionLog.txt
26/03/2020 11:33:40 AM => Screen shot location for this execution : C:\iprogrammerAutomation/Reports/26-03-2020_11-33-40-AM_REGRESSION/Temp/
26/03/2020 11:33:40 AM => >>>>>>>>>>>>>>>>>>>>>>>>>>>>>>>>>>>>>>>>>>>>>>>>>>
26/03/2020 11:33:40 AM => Environment values............
26/03/2020 11:33:40 AM => >>>>>>>>>>>>>>>>>>>>>>>>>>>>>>>>>>>>>>>>>>>>>>>>>>
26/03/2020 11:33:40 AM => Application on which executed : YBL
26/03/2020 11:33:40 AM => Type of testing : REGRESSION
26/03/2020 11:33:40 AM => Test environment on which application executed : 
26/03/2020 11:33:40 AM => URL : null
26/03/2020 11:33:40 AM => Driver Settings...>>>>>>>>>>>>>>>>>>>>>>>>>>>>>>>>>
26/03/2020 11:33:40 AM => STARTFROMHOMEPAGE <null> : NO
26/03/2020 11:33:40 AM => CLEARCOOKIEFOREACHTEST: NO
26/03/2020 11:33:40 AM => JAVASCRIPTTIMEOUT: 60
26/03/2020 11:33:40 AM => VERIFYJAVASCRIPTERRORS: YES
26/03/2020 11:33:40 AM => ALERTAUTOACCEPT: NO
26/03/2020 11:33:40 AM => Environment file location : C:\iprogrammerAutomation/Config/Env.xml
26/03/2020 11:33:40 AM => Executed on browser : null
26/03/2020 11:33:40 AM => Repository location : C:\iprogrammerAutomation/Repository/YBL_OR.xls
26/03/2020 11:33:40 AM => Suite file name and location : C:\iprogrammerAutomation/Suites/YBL_REGRESSION_Suite.xls
26/03/2020 11:33:40 AM => Test execution report file : C:\iprogrammerAutomation/Reports/26-03-2020_11-33-40-AM_REGRESSION/YBL_TA_Report_null_26-03-2020_11-33-40-AM.xls
26/03/2020 11:33:40 AM => Test execution log file : C:\iprogrammerAutomation/Log/Log_26-03-2020_11-33-40-AM.log
26/03/2020 11:33:40 AM => >>>>>>>>>>>>>>>>>>>>>>>>>>>>>>>>>>>>>>>>>>>>>>>>>>
26/03/2020 11:33:40 AM => TEMPLORARY CURRENT EXECUTION PARAMETERS:
26/03/2020 11:33:40 AM => Templorary folder path : C:\iprogrammerAutomation/Reports/26-03-2020_11-33-40-AM_REGRESSION/Temp/
26/03/2020 11:33:40 AM => Templorary TestSuite path : C:\iprogrammerAutomation/Suites/YBL_REGRESSION_Suite.xls
26/03/2020 11:33:40 AM => Templorary TestLog path : C:\iprogrammerAutomation/Reports/26-03-2020_11-33-40-AM_REGRESSION/Temp/TestExecutionLog.txt
26/03/2020 11:33:40 AM => Screen shot location for this execution : C:\iprogrammerAutomation/Reports/26-03-2020_11-33-40-AM_REGRESSION/Temp/
26/03/2020 11:33:40 AM => >>>>>>>>>>>>>>>>>>>>>>>>>>>>>>>>>>>>>>>>>>>>>>>>>>
26/03/2020 11:33:40 AM => Start Processing OR for YBL App...
26/03/2020 11:33:40 AM => Processing OR for YBL App has been completed in row : 57
26/03/2020 11:33:40 AM => Test Execution was started...
26/03/2020 11:33:41 AM => Start processing script file : ActivePlan&packsscreenPostpaid1
26/03/2020 11:33:41 AM => Processing to add Common Steps...
26/03/2020 11:33:41 AM => Process of add Common Steps - Completed
26/03/2020 11:33:41 AM => Launch Web Driver process...
26/03/2020 11:33:46 AM => Error In the processing of Script file... Connection refused: connect
Build info: version: '3.141.59', revision: 'e82be7d358', time: '2018-11-14T08:25:53'
System info: host: 'DESKTOP-7H6C2GA', ip: '9.102.17.72', os.name: 'Windows 10', os.arch: 'amd64', os.version: '10.0', java.version: '1.8.0_162'
Driver info: driver.version: AppiumDriver
26/03/2020 11:33:46 AM => Details:org.openqa.selenium.WebDriverException: Connection refused: connect
Build info: version: '3.141.59', revision: 'e82be7d358', time: '2018-11-14T08:25:53'
System info: host: 'DESKTOP-7H6C2GA', ip: '9.102.17.72', os.name: 'Windows 10', os.arch: 'amd64', os.version: '10.0', java.version: '1.8.0_162'
Driver info: driver.version: AppiumDriver
26/03/2020 11:33:46 AM => Details:Connection refused: connect
Build info: version: '3.141.59', revision: 'e82be7d358', time: '2018-11-14T08:25:53'
System info: host: 'DESKTOP-7H6C2GA', ip: '9.102.17.72', os.name: 'Windows 10', os.arch: 'amd64', os.version: '10.0', java.version: '1.8.0_162'
Driver info: driver.version: AppiumDriver
26/03/2020 11:33:46 AM => driver Close Exception null
26/03/2020 11:33:46 AM => Start processing script file : ActivePlan&packsscreenPostpaid2
26/03/2020 11:33:46 AM => Processing to add Common Steps...
26/03/2020 11:33:47 AM => Process of add Common Steps - Completed
26/03/2020 11:33:47 AM => Launch Web Driver process...
26/03/2020 11:33:49 AM => Error In the processing of Script file... Connection refused: connect
Build info: version: '3.141.59', revision: 'e82be7d358', time: '2018-11-14T08:25:53'
System info: host: 'DESKTOP-7H6C2GA', ip: '9.102.17.72', os.name: 'Windows 10', os.arch: 'amd64', os.version: '10.0', java.version: '1.8.0_162'
Driver info: driver.version: AppiumDriver
26/03/2020 11:33:49 AM => Details:org.openqa.selenium.WebDriverException: Connection refused: connect
Build info: version: '3.141.59', revision: 'e82be7d358', time: '2018-11-14T08:25:53'
System info: host: 'DESKTOP-7H6C2GA', ip: '9.102.17.72', os.name: 'Windows 10', os.arch: 'amd64', os.version: '10.0', java.version: '1.8.0_162'
Driver info: driver.version: AppiumDriver
26/03/2020 11:33:49 AM => Details:Connection refused: connect
Build info: version: '3.141.59', revision: 'e82be7d358', time: '2018-11-14T08:25:53'
System info: host: 'DESKTOP-7H6C2GA', ip: '9.102.17.72', os.name: 'Windows 10', os.arch: 'amd64', os.version: '10.0', java.version: '1.8.0_162'
Driver info: driver.version: AppiumDriver
26/03/2020 11:33:49 AM => driver Close Exception null
26/03/2020 11:33:49 AM => Start processing script file : ActivePlan&packsscreenPostpaid3
26/03/2020 11:33:49 AM => Processing to add Common Steps...
26/03/2020 11:33:49 AM => Process of add Common Steps - Completed
26/03/2020 11:33:49 AM => Launch Web Driver process...
26/03/2020 11:33:51 AM => Error In the processing of Script file... Connection refused: connect
Build info: version: '3.141.59', revision: 'e82be7d358', time: '2018-11-14T08:25:53'
System info: host: 'DESKTOP-7H6C2GA', ip: '9.102.17.72', os.name: 'Windows 10', os.arch: 'amd64', os.version: '10.0', java.version: '1.8.0_162'
Driver info: driver.version: AppiumDriver
26/03/2020 11:33:51 AM => Details:org.openqa.selenium.WebDriverException: Connection refused: connect
Build info: version: '3.141.59', revision: 'e82be7d358', time: '2018-11-14T08:25:53'
System info: host: 'DESKTOP-7H6C2GA', ip: '9.102.17.72', os.name: 'Windows 10', os.arch: 'amd64', os.version: '10.0', java.version: '1.8.0_162'
Driver info: driver.version: AppiumDriver
26/03/2020 11:33:51 AM => Details:Connection refused: connect
Build info: version: '3.141.59', revision: 'e82be7d358', time: '2018-11-14T08:25:53'
System info: host: 'DESKTOP-7H6C2GA', ip: '9.102.17.72', os.name: 'Windows 10', os.arch: 'amd64', os.version: '10.0', java.version: '1.8.0_162'
Driver info: driver.version: AppiumDriver
26/03/2020 11:33:51 AM => driver Close Exception null
26/03/2020 11:33:52 AM => Processing Suite file was completed in row:111
26/03/2020 11:33:52 AM => ==================================
26/03/2020 11:33:52 AM => Total Statistics: 
26/03/2020 11:33:52 AM => Total Tests Run : 3
26/03/2020 11:33:52 AM => Tests PASSED : 0
26/03/2020 11:33:52 AM => Tests FAILED : 3
26/03/2020 11:33:52 AM => JavaScript Errors : 0
26/03/2020 11:33:52 AM => ==================================
26/03/2020 11:33:52 AM => ***TEST RUN FAILED***
26/03/2020 11:33:52 AM => ***********Execution Completed Successfully**********
