26/03/2020 16:56:05 PM => Environment values............
26/03/2020 16:56:05 PM => >>>>>>>>>>>>>>>>>>>>>>>>>>>>>>>>>>>>>>>>>>>>>>>>>>
26/03/2020 16:56:05 PM => Application on which executed : YBL
26/03/2020 16:56:05 PM => Type of testing : REGRESSION
26/03/2020 16:56:05 PM => Test environment on which application executed : 
26/03/2020 16:56:05 PM => URL : null
26/03/2020 16:56:05 PM => Driver Settings...>>>>>>>>>>>>>>>>>>>>>>>>>>>>>>>>>
26/03/2020 16:56:05 PM => STARTFROMHOMEPAGE <null> : NO
26/03/2020 16:56:05 PM => CLEARCOOKIEFOREACHTEST: NO
26/03/2020 16:56:05 PM => JAVASCRIPTTIMEOUT: 60
26/03/2020 16:56:05 PM => VERIFYJAVASCRIPTERRORS: YES
26/03/2020 16:56:05 PM => ALERTAUTOACCEPT: NO
26/03/2020 16:56:05 PM => Environment file location : C:\iprogrammerAutomation/Config/Env.xml
26/03/2020 16:56:05 PM => Executed on browser : null
26/03/2020 16:56:05 PM => Repository location : C:\iprogrammerAutomation/Repository/YBL_OR.xls
26/03/2020 16:56:05 PM => Suite file name and location : C:\iprogrammerAutomation/Suites/YBL_REGRESSION_Suite.xls
26/03/2020 16:56:05 PM => Test execution report file : C:\iprogrammerAutomation/Reports/26-03-2020_16-56-05-PM_REGRESSION/YBL_TA_Report_null_26-03-2020_16-56-05-PM.xls
26/03/2020 16:56:05 PM => Test execution log file : C:\iprogrammerAutomation/Log/Log_26-03-2020_16-56-05-PM.log
26/03/2020 16:56:05 PM => >>>>>>>>>>>>>>>>>>>>>>>>>>>>>>>>>>>>>>>>>>>>>>>>>>
26/03/2020 16:56:05 PM => TEMPLORARY CURRENT EXECUTION PARAMETERS:
26/03/2020 16:56:05 PM => Templorary folder path : C:\iprogrammerAutomation/Reports/26-03-2020_16-56-05-PM_REGRESSION/Temp/
26/03/2020 16:56:05 PM => Templorary TestSuite path : C:\iprogrammerAutomation/Suites/YBL_REGRESSION_Suite.xls
26/03/2020 16:56:05 PM => Templorary TestLog path : C:\iprogrammerAutomation/Reports/26-03-2020_16-56-05-PM_REGRESSION/Temp/TestExecutionLog.txt
26/03/2020 16:56:05 PM => Screen shot location for this execution : C:\iprogrammerAutomation/Reports/26-03-2020_16-56-05-PM_REGRESSION/Temp/
26/03/2020 16:56:05 PM => >>>>>>>>>>>>>>>>>>>>>>>>>>>>>>>>>>>>>>>>>>>>>>>>>>
