20/03/2020 16:43:10 PM => Environment values............
20/03/2020 16:43:10 PM => >>>>>>>>>>>>>>>>>>>>>>>>>>>>>>>>>>>>>>>>>>>>>>>>>>
20/03/2020 16:43:10 PM => Application on which executed : YBL
20/03/2020 16:43:10 PM => Type of testing : REGRESSION
20/03/2020 16:43:10 PM => Test environment on which application executed : 
20/03/2020 16:43:10 PM => URL : null
20/03/2020 16:43:10 PM => Driver Settings...>>>>>>>>>>>>>>>>>>>>>>>>>>>>>>>>>
20/03/2020 16:43:10 PM => STARTFROMHOMEPAGE <null> : NO
20/03/2020 16:43:10 PM => CLEARCOOKIEFOREACHTEST: NO
20/03/2020 16:43:10 PM => JAVASCRIPTTIMEOUT: 60
20/03/2020 16:43:10 PM => VERIFYJAVASCRIPTERRORS: YES
20/03/2020 16:43:10 PM => ALERTAUTOACCEPT: NO
20/03/2020 16:43:10 PM => Environment file location : C:\iprogrammerAutomation/Config/Env.xml
20/03/2020 16:43:10 PM => Executed on browser : null
20/03/2020 16:43:10 PM => Repository location : C:\iprogrammerAutomation/Repository/YBL_OR.xls
20/03/2020 16:43:10 PM => Suite file name and location : C:\iprogrammerAutomation/Suites/YBL_REGRESSION_Suite.xls
20/03/2020 16:43:10 PM => Test execution report file : C:\iprogrammerAutomation/Reports/20-03-2020_16-43-10-PM_REGRESSION/YBL_TA_Report_null_20-03-2020_16-43-10-PM.xls
20/03/2020 16:43:10 PM => Test execution log file : C:\iprogrammerAutomation/Log/Log_20-03-2020_16-43-10-PM.log
20/03/2020 16:43:10 PM => >>>>>>>>>>>>>>>>>>>>>>>>>>>>>>>>>>>>>>>>>>>>>>>>>>
20/03/2020 16:43:10 PM => TEMPLORARY CURRENT EXECUTION PARAMETERS:
20/03/2020 16:43:10 PM => Templorary folder path : C:\iprogrammerAutomation/Reports/20-03-2020_16-43-10-PM_REGRESSION/Temp/
20/03/2020 16:43:10 PM => Templorary TestSuite path : C:\iprogrammerAutomation/Suites/YBL_REGRESSION_Suite.xls
20/03/2020 16:43:10 PM => Templorary TestLog path : C:\iprogrammerAutomation/Reports/20-03-2020_16-43-10-PM_REGRESSION/Temp/TestExecutionLog.txt
20/03/2020 16:43:10 PM => Screen shot location for this execution : C:\iprogrammerAutomation/Reports/20-03-2020_16-43-10-PM_REGRESSION/Temp/
20/03/2020 16:43:10 PM => >>>>>>>>>>>>>>>>>>>>>>>>>>>>>>>>>>>>>>>>>>>>>>>>>>
20/03/2020 16:43:10 PM => Environment values............
20/03/2020 16:43:10 PM => >>>>>>>>>>>>>>>>>>>>>>>>>>>>>>>>>>>>>>>>>>>>>>>>>>
20/03/2020 16:43:10 PM => Application on which executed : YBL
20/03/2020 16:43:10 PM => Type of testing : REGRESSION
20/03/2020 16:43:10 PM => Test environment on which application executed : 
20/03/2020 16:43:10 PM => URL : null
20/03/2020 16:43:10 PM => Driver Settings...>>>>>>>>>>>>>>>>>>>>>>>>>>>>>>>>>
20/03/2020 16:43:10 PM => STARTFROMHOMEPAGE <null> : NO
20/03/2020 16:43:10 PM => CLEARCOOKIEFOREACHTEST: NO
20/03/2020 16:43:10 PM => JAVASCRIPTTIMEOUT: 60
20/03/2020 16:43:10 PM => VERIFYJAVASCRIPTERRORS: YES
20/03/2020 16:43:10 PM => ALERTAUTOACCEPT: NO
20/03/2020 16:43:10 PM => Environment file location : C:\iprogrammerAutomation/Config/Env.xml
20/03/2020 16:43:10 PM => Executed on browser : null
20/03/2020 16:43:10 PM => Repository location : C:\iprogrammerAutomation/Repository/YBL_OR.xls
20/03/2020 16:43:10 PM => Suite file name and location : C:\iprogrammerAutomation/Suites/YBL_REGRESSION_Suite.xls
20/03/2020 16:43:10 PM => Test execution report file : C:\iprogrammerAutomation/Reports/20-03-2020_16-43-10-PM_REGRESSION/YBL_TA_Report_null_20-03-2020_16-43-10-PM.xls
20/03/2020 16:43:10 PM => Test execution log file : C:\iprogrammerAutomation/Log/Log_20-03-2020_16-43-10-PM.log
20/03/2020 16:43:10 PM => >>>>>>>>>>>>>>>>>>>>>>>>>>>>>>>>>>>>>>>>>>>>>>>>>>
20/03/2020 16:43:10 PM => TEMPLORARY CURRENT EXECUTION PARAMETERS:
20/03/2020 16:43:10 PM => Templorary folder path : C:\iprogrammerAutomation/Reports/20-03-2020_16-43-10-PM_REGRESSION/Temp/
20/03/2020 16:43:10 PM => Templorary TestSuite path : C:\iprogrammerAutomation/Suites/YBL_REGRESSION_Suite.xls
20/03/2020 16:43:10 PM => Templorary TestLog path : C:\iprogrammerAutomation/Reports/20-03-2020_16-43-10-PM_REGRESSION/Temp/TestExecutionLog.txt
20/03/2020 16:43:10 PM => Screen shot location for this execution : C:\iprogrammerAutomation/Reports/20-03-2020_16-43-10-PM_REGRESSION/Temp/
20/03/2020 16:43:10 PM => >>>>>>>>>>>>>>>>>>>>>>>>>>>>>>>>>>>>>>>>>>>>>>>>>>
20/03/2020 16:43:10 PM => Start Processing OR for YBL App...
20/03/2020 16:43:10 PM => Processing OR for YBL App has been completed in row : 56
20/03/2020 16:43:10 PM => Test Execution was started...
20/03/2020 16:43:10 PM => Start processing script file : OfferPrepaid1
20/03/2020 16:43:10 PM => Processing to add Common Steps...
20/03/2020 16:43:11 PM => Process of add Common Steps - Completed
20/03/2020 16:43:11 PM => Launch Web Driver process...
20/03/2020 16:43:46 PM => Script path : C:\iprogrammerAutomation/Reports/20-03-2020_16-43-10-PM_REGRESSION/Temp/OfferPrepaid1.xls
20/03/2020 16:43:46 PM => Step ID :--------- Step_R01
20/03/2020 16:43:52 PM => Element :AM_VerifyfodaApppresent - Pass
20/03/2020 16:43:52 PM => Step ID :--------- Step_R02
20/03/2020 16:43:53 PM => Element :AM_VerifyfodaApppresent - Pass
20/03/2020 16:43:53 PM => Step ID :--------- Step_R03
20/03/2020 16:44:01 PM => Enter text into :AM_EnterMSIDNo - Pass
20/03/2020 16:44:02 PM => Step ID :--------- Step_R04
20/03/2020 16:44:05 PM => Click on :AM_clickOnSendOTP - Pass
20/03/2020 16:44:06 PM => Step ID :--------- Step_R05
20/03/2020 16:44:15 PM => Enter text into :AM_typeOTP - Pass
20/03/2020 16:44:15 PM => Step ID :--------- Step_R06
20/03/2020 16:44:16 PM => Click on :AM_SubmitButton - Pass
20/03/2020 16:44:16 PM => Step ID :--------- Step_R07
20/03/2020 16:44:25 PM => Element :AM_VoVPayapresent - Pass
20/03/2020 16:44:25 PM => Step ID :--------- Step_R08
20/03/2020 16:44:26 PM => Click on :AM_VoVPaya - Pass
20/03/2020 16:44:27 PM => Step ID :--------- Step_R09
20/03/2020 16:44:29 PM => Click on :AM_AgreeAndPay - Pass
20/03/2020 16:44:30 PM => Close Webdriver Process - Completed
20/03/2020 16:44:30 PM => ***************************************************************
20/03/2020 16:44:30 PM => ***** Test script result :Pass *****
20/03/2020 16:44:30 PM => *** Test script Execution Time: 00:42.9 ***
20/03/2020 16:44:30 PM => ***************************************************************
20/03/2020 16:44:30 PM => Start processing script file : OfferPrepaid2
20/03/2020 16:44:30 PM => Processing to add Common Steps...
20/03/2020 16:44:30 PM => Process of add Common Steps - Completed
20/03/2020 16:44:30 PM => Launch Web Driver process...
20/03/2020 16:45:03 PM => Script path : C:\iprogrammerAutomation/Reports/20-03-2020_16-43-10-PM_REGRESSION/Temp/OfferPrepaid2.xls
20/03/2020 16:45:03 PM => Step ID :--------- Step_R01
20/03/2020 16:45:34 PM => Wait for elementAM_VerifyfodaApp with locator//android.view.View[@text='Welcome!'] present (TimeOut) - Fail
20/03/2020 16:45:34 PM => Element :AM_VerifyfodaApp not found - Fail
20/03/2020 16:45:37 PM => Close Webdriver Process - Completed
20/03/2020 16:45:37 PM => *******************************************************************
20/03/2020 16:45:37 PM => ***** Test script result :Fail*****
20/03/2020 16:45:37 PM => *** Test script Execution Time: 00:32.4 ***
20/03/2020 16:45:37 PM => *******************************************************************
20/03/2020 16:45:37 PM => Start processing script file : OfferPrepaid3
20/03/2020 16:45:37 PM => Processing to add Common Steps...
20/03/2020 16:45:37 PM => Process of add Common Steps - Completed
20/03/2020 16:45:37 PM => Launch Web Driver process...
20/03/2020 16:46:06 PM => Script path : C:\iprogrammerAutomation/Reports/20-03-2020_16-43-10-PM_REGRESSION/Temp/OfferPrepaid3.xls
20/03/2020 16:46:06 PM => Step ID :--------- Step_R01
20/03/2020 16:46:37 PM => Wait for elementAM_VerifyfodaApp with locator//android.view.View[@text='Welcome!'] present (TimeOut) - Fail
20/03/2020 16:46:37 PM => Element :AM_VerifyfodaApp not found - Fail
20/03/2020 16:46:39 PM => Close Webdriver Process - Completed
20/03/2020 16:46:39 PM => *******************************************************************
20/03/2020 16:46:39 PM => ***** Test script result :Fail*****
20/03/2020 16:46:39 PM => *** Test script Execution Time: 00:31.9 ***
20/03/2020 16:46:39 PM => *******************************************************************
20/03/2020 16:46:39 PM => Processing Suite file was completed in row:91
20/03/2020 16:46:39 PM => ==================================
20/03/2020 16:46:39 PM => Total Statistics: 
20/03/2020 16:46:39 PM => Total Tests Run : 3
20/03/2020 16:46:39 PM => Tests PASSED : 1
20/03/2020 16:46:39 PM => Tests FAILED : 2
20/03/2020 16:46:39 PM => JavaScript Errors : 0
20/03/2020 16:46:39 PM => ==================================
20/03/2020 16:46:39 PM => ***TEST RUN FAILED***
20/03/2020 16:46:39 PM => ***********Execution Completed Successfully**********
