23/03/2020 15:33:24 PM => Environment values............
23/03/2020 15:33:24 PM => >>>>>>>>>>>>>>>>>>>>>>>>>>>>>>>>>>>>>>>>>>>>>>>>>>
23/03/2020 15:33:24 PM => Application on which executed : YBL
23/03/2020 15:33:24 PM => Type of testing : REGRESSION
23/03/2020 15:33:24 PM => Test environment on which application executed : 
23/03/2020 15:33:24 PM => URL : null
23/03/2020 15:33:24 PM => Driver Settings...>>>>>>>>>>>>>>>>>>>>>>>>>>>>>>>>>
23/03/2020 15:33:24 PM => STARTFROMHOMEPAGE <null> : NO
23/03/2020 15:33:24 PM => CLEARCOOKIEFOREACHTEST: NO
23/03/2020 15:33:24 PM => JAVASCRIPTTIMEOUT: 60
23/03/2020 15:33:24 PM => VERIFYJAVASCRIPTERRORS: YES
23/03/2020 15:33:24 PM => ALERTAUTOACCEPT: NO
23/03/2020 15:33:24 PM => Environment file location : C:\iprogrammerAutomation/Config/Env.xml
23/03/2020 15:33:24 PM => Executed on browser : null
23/03/2020 15:33:24 PM => Repository location : C:\iprogrammerAutomation/Repository/YBL_OR.xls
23/03/2020 15:33:24 PM => Suite file name and location : C:\iprogrammerAutomation/Suites/YBL_REGRESSION_Suite.xls
23/03/2020 15:33:24 PM => Test execution report file : C:\iprogrammerAutomation/Reports/23-03-2020_15-33-24-PM_REGRESSION/YBL_TA_Report_null_23-03-2020_15-33-24-PM.xls
23/03/2020 15:33:24 PM => Test execution log file : C:\iprogrammerAutomation/Log/Log_23-03-2020_15-33-24-PM.log
23/03/2020 15:33:24 PM => >>>>>>>>>>>>>>>>>>>>>>>>>>>>>>>>>>>>>>>>>>>>>>>>>>
23/03/2020 15:33:24 PM => TEMPLORARY CURRENT EXECUTION PARAMETERS:
23/03/2020 15:33:24 PM => Templorary folder path : C:\iprogrammerAutomation/Reports/23-03-2020_15-33-24-PM_REGRESSION/Temp/
23/03/2020 15:33:24 PM => Templorary TestSuite path : C:\iprogrammerAutomation/Suites/YBL_REGRESSION_Suite.xls
23/03/2020 15:33:24 PM => Templorary TestLog path : C:\iprogrammerAutomation/Reports/23-03-2020_15-33-24-PM_REGRESSION/Temp/TestExecutionLog.txt
23/03/2020 15:33:25 PM => Screen shot location for this execution : C:\iprogrammerAutomation/Reports/23-03-2020_15-33-24-PM_REGRESSION/Temp/
23/03/2020 15:33:25 PM => >>>>>>>>>>>>>>>>>>>>>>>>>>>>>>>>>>>>>>>>>>>>>>>>>>
