24/03/2020 15:10:50 PM => Environment values............
24/03/2020 15:10:50 PM => >>>>>>>>>>>>>>>>>>>>>>>>>>>>>>>>>>>>>>>>>>>>>>>>>>
24/03/2020 15:10:50 PM => Application on which executed : YBL
24/03/2020 15:10:50 PM => Type of testing : REGRESSION
24/03/2020 15:10:50 PM => Test environment on which application executed : 
24/03/2020 15:10:50 PM => URL : null
24/03/2020 15:10:50 PM => Driver Settings...>>>>>>>>>>>>>>>>>>>>>>>>>>>>>>>>>
24/03/2020 15:10:50 PM => STARTFROMHOMEPAGE <null> : NO
24/03/2020 15:10:50 PM => CLEARCOOKIEFOREACHTEST: NO
24/03/2020 15:10:50 PM => JAVASCRIPTTIMEOUT: 60
24/03/2020 15:10:50 PM => VERIFYJAVASCRIPTERRORS: YES
24/03/2020 15:10:50 PM => ALERTAUTOACCEPT: NO
24/03/2020 15:10:50 PM => Environment file location : C:\iprogrammerAutomation/Config/Env.xml
24/03/2020 15:10:50 PM => Executed on browser : null
24/03/2020 15:10:50 PM => Repository location : C:\iprogrammerAutomation/Repository/YBL_OR.xls
24/03/2020 15:10:50 PM => Suite file name and location : C:\iprogrammerAutomation/Suites/YBL_REGRESSION_Suite.xls
24/03/2020 15:10:50 PM => Test execution report file : C:\iprogrammerAutomation/Reports/24-03-2020_15-10-50-PM_REGRESSION/YBL_TA_Report_null_24-03-2020_15-10-50-PM.xls
24/03/2020 15:10:50 PM => Test execution log file : C:\iprogrammerAutomation/Log/Log_24-03-2020_15-10-50-PM.log
24/03/2020 15:10:50 PM => >>>>>>>>>>>>>>>>>>>>>>>>>>>>>>>>>>>>>>>>>>>>>>>>>>
24/03/2020 15:10:50 PM => TEMPLORARY CURRENT EXECUTION PARAMETERS:
24/03/2020 15:10:50 PM => Templorary folder path : C:\iprogrammerAutomation/Reports/24-03-2020_15-10-50-PM_REGRESSION/Temp/
24/03/2020 15:10:50 PM => Templorary TestSuite path : C:\iprogrammerAutomation/Suites/YBL_REGRESSION_Suite.xls
24/03/2020 15:10:50 PM => Templorary TestLog path : C:\iprogrammerAutomation/Reports/24-03-2020_15-10-50-PM_REGRESSION/Temp/TestExecutionLog.txt
24/03/2020 15:10:50 PM => Screen shot location for this execution : C:\iprogrammerAutomation/Reports/24-03-2020_15-10-50-PM_REGRESSION/Temp/
24/03/2020 15:10:50 PM => >>>>>>>>>>>>>>>>>>>>>>>>>>>>>>>>>>>>>>>>>>>>>>>>>>
24/03/2020 15:10:50 PM => Environment values............
24/03/2020 15:10:50 PM => >>>>>>>>>>>>>>>>>>>>>>>>>>>>>>>>>>>>>>>>>>>>>>>>>>
24/03/2020 15:10:50 PM => Application on which executed : YBL
24/03/2020 15:10:50 PM => Type of testing : REGRESSION
24/03/2020 15:10:50 PM => Test environment on which application executed : 
24/03/2020 15:10:50 PM => URL : null
24/03/2020 15:10:50 PM => Driver Settings...>>>>>>>>>>>>>>>>>>>>>>>>>>>>>>>>>
24/03/2020 15:10:50 PM => STARTFROMHOMEPAGE <null> : NO
24/03/2020 15:10:50 PM => CLEARCOOKIEFOREACHTEST: NO
24/03/2020 15:10:50 PM => JAVASCRIPTTIMEOUT: 60
24/03/2020 15:10:50 PM => VERIFYJAVASCRIPTERRORS: YES
24/03/2020 15:10:50 PM => ALERTAUTOACCEPT: NO
24/03/2020 15:10:50 PM => Environment file location : C:\iprogrammerAutomation/Config/Env.xml
24/03/2020 15:10:50 PM => Executed on browser : null
24/03/2020 15:10:50 PM => Repository location : C:\iprogrammerAutomation/Repository/YBL_OR.xls
24/03/2020 15:10:50 PM => Suite file name and location : C:\iprogrammerAutomation/Suites/YBL_REGRESSION_Suite.xls
24/03/2020 15:10:50 PM => Test execution report file : C:\iprogrammerAutomation/Reports/24-03-2020_15-10-50-PM_REGRESSION/YBL_TA_Report_null_24-03-2020_15-10-50-PM.xls
24/03/2020 15:10:50 PM => Test execution log file : C:\iprogrammerAutomation/Log/Log_24-03-2020_15-10-50-PM.log
24/03/2020 15:10:50 PM => >>>>>>>>>>>>>>>>>>>>>>>>>>>>>>>>>>>>>>>>>>>>>>>>>>
24/03/2020 15:10:50 PM => TEMPLORARY CURRENT EXECUTION PARAMETERS:
24/03/2020 15:10:50 PM => Templorary folder path : C:\iprogrammerAutomation/Reports/24-03-2020_15-10-50-PM_REGRESSION/Temp/
24/03/2020 15:10:50 PM => Templorary TestSuite path : C:\iprogrammerAutomation/Suites/YBL_REGRESSION_Suite.xls
24/03/2020 15:10:50 PM => Templorary TestLog path : C:\iprogrammerAutomation/Reports/24-03-2020_15-10-50-PM_REGRESSION/Temp/TestExecutionLog.txt
24/03/2020 15:10:50 PM => Screen shot location for this execution : C:\iprogrammerAutomation/Reports/24-03-2020_15-10-50-PM_REGRESSION/Temp/
24/03/2020 15:10:50 PM => >>>>>>>>>>>>>>>>>>>>>>>>>>>>>>>>>>>>>>>>>>>>>>>>>>
24/03/2020 15:10:51 PM => Start Processing OR for YBL App...
24/03/2020 15:10:51 PM => Processing OR for YBL App has been completed in row : 57
24/03/2020 15:10:51 PM => Test Execution was started...
24/03/2020 15:10:51 PM => Start processing script file : ActivePlan&packsscreenPostpaid1
24/03/2020 15:10:51 PM => Processing to add Common Steps...
24/03/2020 15:10:51 PM => Process of add Common Steps - Completed
24/03/2020 15:10:51 PM => Launch Web Driver process...
24/03/2020 15:11:58 PM => Script path : C:\iprogrammerAutomation/Reports/24-03-2020_15-10-50-PM_REGRESSION/Temp/ActivePlan&packsscreenPostpaid1.xls
24/03/2020 15:11:58 PM => Step ID :--------- Step_R01
24/03/2020 15:12:21 PM => Element :AM_VerifyfodaApppresent - Pass
24/03/2020 15:12:22 PM => Step ID :--------- Step_R02
24/03/2020 15:12:30 PM => Enter text into :AM_EnterMSIDNo - Pass
24/03/2020 15:12:30 PM => Step ID :--------- Step_R03
24/03/2020 15:12:31 PM => Click on :AM_clickOnSendOTP - Pass
24/03/2020 15:12:32 PM => Step ID :--------- Step_R04
24/03/2020 15:12:34 PM => Click on :AM_typeOTP - Pass
24/03/2020 15:12:34 PM => Step ID :--------- Step_R05
24/03/2020 15:12:43 PM => Enter text into :AM_typeOTP - Pass
24/03/2020 15:12:43 PM => Step ID :--------- Step_R06
24/03/2020 15:12:44 PM => Click on :AM_SubmitButton - Pass
24/03/2020 15:12:45 PM => Step ID :--------- Step_R07
24/03/2020 15:13:15 PM => Wait for elementAM_Skipbutton with locator/hierarchy/android.widget.FrameLayout/android.widget.LinearLayout/android.widget.FrameLayout/android.widget.FrameLayout/android.widget.FrameLayout/android.widget.FrameLayout/android.webkit.WebView/android.webkit.WebView/android.view.View/android.view.View/android.view.View/android.view.View/android.view.View/android.view.View/android.view.View[2]/android.widget.Button present (TimeOut) - Fail
24/03/2020 15:13:15 PM => Click on :AM_Skipbutton - Fail
24/03/2020 15:13:18 PM => Close Webdriver Process - Completed
24/03/2020 15:13:18 PM => *******************************************************************
24/03/2020 15:13:18 PM => ***** Test script result :Fail*****
24/03/2020 15:13:18 PM => *** Test script Execution Time: 01:18.8 ***
24/03/2020 15:13:18 PM => *******************************************************************
24/03/2020 15:13:18 PM => Start processing script file : ShoapPrepaid
24/03/2020 15:13:18 PM => Processing to add Common Steps...
24/03/2020 15:13:18 PM => Process of add Common Steps - Completed
24/03/2020 15:13:18 PM => Launch Web Driver process...
24/03/2020 15:14:12 PM => Script path : C:\iprogrammerAutomation/Reports/24-03-2020_15-10-50-PM_REGRESSION/Temp/ShoapPrepaid.xls
24/03/2020 15:14:12 PM => Step ID :--------- Step_R01
24/03/2020 15:14:42 PM => Wait for elementAM_VerifyfodaApp with locator//android.view.View[@text='Welcome!'] present (TimeOut) - Fail
24/03/2020 15:14:42 PM => Element :AM_VerifyfodaApp not found - Fail
24/03/2020 15:14:45 PM => Close Webdriver Process - Completed
24/03/2020 15:14:45 PM => *******************************************************************
24/03/2020 15:14:45 PM => ***** Test script result :Fail*****
24/03/2020 15:14:45 PM => *** Test script Execution Time: 00:31.7 ***
24/03/2020 15:14:45 PM => *******************************************************************
24/03/2020 15:14:45 PM => Processing Suite file was completed in row:111
24/03/2020 15:14:45 PM => ==================================
24/03/2020 15:14:45 PM => Total Statistics: 
24/03/2020 15:14:45 PM => Total Tests Run : 2
24/03/2020 15:14:45 PM => Tests PASSED : 0
24/03/2020 15:14:45 PM => Tests FAILED : 2
24/03/2020 15:14:45 PM => JavaScript Errors : 0
24/03/2020 15:14:45 PM => ==================================
24/03/2020 15:14:45 PM => ***TEST RUN FAILED***
24/03/2020 15:14:45 PM => ***********Execution Completed Successfully**********
