17/03/2020 15:13:29 PM => Environment values............
17/03/2020 15:13:29 PM => >>>>>>>>>>>>>>>>>>>>>>>>>>>>>>>>>>>>>>>>>>>>>>>>>>
17/03/2020 15:13:29 PM => Application on which executed : YBL
17/03/2020 15:13:29 PM => Type of testing : REGRESSION
17/03/2020 15:13:29 PM => Test environment on which application executed : 
17/03/2020 15:13:29 PM => URL : null
17/03/2020 15:13:29 PM => Driver Settings...>>>>>>>>>>>>>>>>>>>>>>>>>>>>>>>>>
17/03/2020 15:13:29 PM => STARTFROMHOMEPAGE <null> : NO
17/03/2020 15:13:29 PM => CLEARCOOKIEFOREACHTEST: NO
17/03/2020 15:13:29 PM => JAVASCRIPTTIMEOUT: 60
17/03/2020 15:13:29 PM => VERIFYJAVASCRIPTERRORS: YES
17/03/2020 15:13:29 PM => ALERTAUTOACCEPT: NO
17/03/2020 15:13:29 PM => Environment file location : C:\iprogrammerAutomation/Config/Env.xml
17/03/2020 15:13:29 PM => Executed on browser : null
17/03/2020 15:13:29 PM => Repository location : C:\iprogrammerAutomation/Repository/YBL_OR.xls
17/03/2020 15:13:29 PM => Suite file name and location : C:\iprogrammerAutomation/Suites/YBL_REGRESSION_Suite.xls
17/03/2020 15:13:29 PM => Test execution report file : C:\iprogrammerAutomation/Reports/17-03-2020_15-13-29-PM_REGRESSION/YBL_TA_Report_null_17-03-2020_15-13-29-PM.xls
17/03/2020 15:13:29 PM => Test execution log file : C:\iprogrammerAutomation/Log/Log_17-03-2020_15-13-29-PM.log
17/03/2020 15:13:29 PM => >>>>>>>>>>>>>>>>>>>>>>>>>>>>>>>>>>>>>>>>>>>>>>>>>>
17/03/2020 15:13:29 PM => TEMPLORARY CURRENT EXECUTION PARAMETERS:
17/03/2020 15:13:29 PM => Templorary folder path : C:\iprogrammerAutomation/Reports/17-03-2020_15-13-29-PM_REGRESSION/Temp/
17/03/2020 15:13:29 PM => Templorary TestSuite path : C:\iprogrammerAutomation/Suites/YBL_REGRESSION_Suite.xls
17/03/2020 15:13:29 PM => Templorary TestLog path : C:\iprogrammerAutomation/Reports/17-03-2020_15-13-29-PM_REGRESSION/Temp/TestExecutionLog.txt
17/03/2020 15:13:29 PM => Screen shot location for this execution : C:\iprogrammerAutomation/Reports/17-03-2020_15-13-29-PM_REGRESSION/Temp/
17/03/2020 15:13:29 PM => >>>>>>>>>>>>>>>>>>>>>>>>>>>>>>>>>>>>>>>>>>>>>>>>>>
17/03/2020 15:13:29 PM => Start Processing OR for YBL App...
17/03/2020 15:13:29 PM => Processing OR for YBL App has been completed in row : 48
17/03/2020 15:13:29 PM => Test Execution was started...
17/03/2020 15:13:30 PM => Start processing script file : OfferPrepaid1
17/03/2020 15:13:30 PM => Processing to add Common Steps...
17/03/2020 15:13:30 PM => Process of add Common Steps - Completed
17/03/2020 15:13:30 PM => Launch Web Driver process...
17/03/2020 15:14:07 PM => Script path : C:\iprogrammerAutomation/Reports/17-03-2020_15-13-29-PM_REGRESSION/Temp/OfferPrepaid1.xls
17/03/2020 15:14:07 PM => Step ID :--------- Step_R01
17/03/2020 15:14:14 PM => Element :AM_VerifyfodaApppresent - Pass
17/03/2020 15:14:14 PM => Step ID :--------- Step_R02
17/03/2020 15:14:20 PM => Element :AM_VerifyfodaApppresent - Pass
17/03/2020 15:14:20 PM => Step ID :--------- Step_R03
17/03/2020 15:14:28 PM => Enter text into :AM_EnterMSIDNo - Pass
17/03/2020 15:14:28 PM => Step ID :--------- Step_R04
17/03/2020 15:14:29 PM => Click on :AM_clickOnSendOTP - Pass
17/03/2020 15:14:30 PM => Step ID :--------- Step_R05
17/03/2020 15:14:40 PM => Enter text into :AM_typeOTP - Pass
17/03/2020 15:14:40 PM => Step ID :--------- Step_R06
17/03/2020 15:14:41 PM => Click on :AM_SubmitButton - Pass
17/03/2020 15:14:41 PM => Step ID :--------- Step_R07
17/03/2020 15:14:44 PM => Click on :AM_Skipbutton - Pass
17/03/2020 15:14:46 PM => Close Webdriver Process - Completed
17/03/2020 15:14:46 PM => ***************************************************************
17/03/2020 15:14:46 PM => ***** Test script result :Pass *****
17/03/2020 15:14:46 PM => *** Test script Execution Time: 00:38.1 ***
17/03/2020 15:14:46 PM => ***************************************************************
17/03/2020 15:14:46 PM => Processing Suite file was completed in row:91
17/03/2020 15:14:46 PM => ==================================
17/03/2020 15:14:46 PM => Total Statistics: 
17/03/2020 15:14:46 PM => Total Tests Run : 1
17/03/2020 15:14:46 PM => Tests PASSED : 1
17/03/2020 15:14:46 PM => Tests FAILED : 0
17/03/2020 15:14:46 PM => JavaScript Errors : 0
17/03/2020 15:14:46 PM => ==================================
17/03/2020 15:14:46 PM => ***TEST RUN PASSED***
17/03/2020 15:14:46 PM => ***********Execution Completed Successfully**********
