08/04/2020 13:13:57 PM => Environment values............
08/04/2020 13:13:57 PM => >>>>>>>>>>>>>>>>>>>>>>>>>>>>>>>>>>>>>>>>>>>>>>>>>>
08/04/2020 13:13:57 PM => Application on which executed : YBL
08/04/2020 13:13:57 PM => Type of testing : REGRESSION
08/04/2020 13:13:57 PM => Test environment on which application executed : 
08/04/2020 13:13:57 PM => URL : null
08/04/2020 13:13:57 PM => Driver Settings...>>>>>>>>>>>>>>>>>>>>>>>>>>>>>>>>>
08/04/2020 13:13:57 PM => STARTFROMHOMEPAGE <null> : NO
08/04/2020 13:13:57 PM => CLEARCOOKIEFOREACHTEST: NO
08/04/2020 13:13:57 PM => JAVASCRIPTTIMEOUT: 60
08/04/2020 13:13:57 PM => VERIFYJAVASCRIPTERRORS: YES
08/04/2020 13:13:57 PM => ALERTAUTOACCEPT: NO
08/04/2020 13:13:57 PM => Environment file location : C:\iprogrammerAutomation/Config/Env.xml
08/04/2020 13:13:57 PM => Executed on browser : null
08/04/2020 13:13:57 PM => Repository location : C:\iprogrammerAutomation/Repository/YBL_OR.xls
08/04/2020 13:13:57 PM => Suite file name and location : C:\iprogrammerAutomation/Suites/YBL_REGRESSION_Suite.xls
08/04/2020 13:13:57 PM => Test execution report file : C:\iprogrammerAutomation/Reports/08-04-2020_13-13-57-PM_REGRESSION/YBL_TA_Report_null_08-04-2020_13-13-57-PM.xls
08/04/2020 13:13:57 PM => Test execution log file : C:\iprogrammerAutomation/Log/Log_08-04-2020_13-13-57-PM.log
08/04/2020 13:13:57 PM => >>>>>>>>>>>>>>>>>>>>>>>>>>>>>>>>>>>>>>>>>>>>>>>>>>
08/04/2020 13:13:57 PM => TEMPLORARY CURRENT EXECUTION PARAMETERS:
08/04/2020 13:13:57 PM => Templorary folder path : C:\iprogrammerAutomation/Reports/08-04-2020_13-13-57-PM_REGRESSION/Temp/
08/04/2020 13:13:57 PM => Templorary TestSuite path : C:\iprogrammerAutomation/Suites/YBL_REGRESSION_Suite.xls
08/04/2020 13:13:57 PM => Templorary TestLog path : C:\iprogrammerAutomation/Reports/08-04-2020_13-13-57-PM_REGRESSION/Temp/TestExecutionLog.txt
08/04/2020 13:13:57 PM => Screen shot location for this execution : C:\iprogrammerAutomation/Reports/08-04-2020_13-13-57-PM_REGRESSION/Temp/
08/04/2020 13:13:57 PM => >>>>>>>>>>>>>>>>>>>>>>>>>>>>>>>>>>>>>>>>>>>>>>>>>>
