17/03/2020 15:06:21 PM => Environment values............
17/03/2020 15:06:21 PM => >>>>>>>>>>>>>>>>>>>>>>>>>>>>>>>>>>>>>>>>>>>>>>>>>>
17/03/2020 15:06:21 PM => Application on which executed : YBL
17/03/2020 15:06:21 PM => Type of testing : REGRESSION
17/03/2020 15:06:21 PM => Test environment on which application executed : 
17/03/2020 15:06:21 PM => URL : null
17/03/2020 15:06:21 PM => Driver Settings...>>>>>>>>>>>>>>>>>>>>>>>>>>>>>>>>>
17/03/2020 15:06:21 PM => STARTFROMHOMEPAGE <null> : NO
17/03/2020 15:06:21 PM => CLEARCOOKIEFOREACHTEST: NO
17/03/2020 15:06:21 PM => JAVASCRIPTTIMEOUT: 60
17/03/2020 15:06:21 PM => VERIFYJAVASCRIPTERRORS: YES
17/03/2020 15:06:21 PM => ALERTAUTOACCEPT: NO
17/03/2020 15:06:21 PM => Environment file location : C:\iprogrammerAutomation/Config/Env.xml
17/03/2020 15:06:21 PM => Executed on browser : null
17/03/2020 15:06:21 PM => Repository location : C:\iprogrammerAutomation/Repository/YBL_OR.xls
17/03/2020 15:06:21 PM => Suite file name and location : C:\iprogrammerAutomation/Suites/YBL_REGRESSION_Suite.xls
17/03/2020 15:06:21 PM => Test execution report file : C:\iprogrammerAutomation/Reports/17-03-2020_15-06-21-PM_REGRESSION/YBL_TA_Report_null_17-03-2020_15-06-21-PM.xls
17/03/2020 15:06:21 PM => Test execution log file : C:\iprogrammerAutomation/Log/Log_17-03-2020_15-06-21-PM.log
17/03/2020 15:06:21 PM => >>>>>>>>>>>>>>>>>>>>>>>>>>>>>>>>>>>>>>>>>>>>>>>>>>
17/03/2020 15:06:21 PM => TEMPLORARY CURRENT EXECUTION PARAMETERS:
17/03/2020 15:06:21 PM => Templorary folder path : C:\iprogrammerAutomation/Reports/17-03-2020_15-06-21-PM_REGRESSION/Temp/
17/03/2020 15:06:21 PM => Templorary TestSuite path : C:\iprogrammerAutomation/Suites/YBL_REGRESSION_Suite.xls
17/03/2020 15:06:21 PM => Templorary TestLog path : C:\iprogrammerAutomation/Reports/17-03-2020_15-06-21-PM_REGRESSION/Temp/TestExecutionLog.txt
17/03/2020 15:06:21 PM => Screen shot location for this execution : C:\iprogrammerAutomation/Reports/17-03-2020_15-06-21-PM_REGRESSION/Temp/
17/03/2020 15:06:21 PM => >>>>>>>>>>>>>>>>>>>>>>>>>>>>>>>>>>>>>>>>>>>>>>>>>>
17/03/2020 15:06:21 PM => Start Processing OR for YBL App...
17/03/2020 15:06:21 PM => Processing OR for YBL App has been completed in row : 48
17/03/2020 15:06:21 PM => Test Execution was started...
17/03/2020 15:06:22 PM => Start processing script file : OfferPrepaid1
17/03/2020 15:06:22 PM => Processing to add Common Steps...
17/03/2020 15:06:22 PM => Process of add Common Steps - Completed
17/03/2020 15:06:22 PM => Launch Web Driver process...
17/03/2020 15:07:06 PM => Script path : C:\iprogrammerAutomation/Reports/17-03-2020_15-06-21-PM_REGRESSION/Temp/OfferPrepaid1.xls
17/03/2020 15:07:06 PM => Step ID :--------- Step_R01
17/03/2020 15:07:13 PM => Element :AM_VerifyfodaApppresent - Pass
17/03/2020 15:07:14 PM => Step ID :--------- Step_R02
17/03/2020 15:07:14 PM => Element :AM_VerifyfodaApppresent - Pass
17/03/2020 15:07:14 PM => Step ID :--------- Step_R03
17/03/2020 15:07:23 PM => Enter text into :AM_EnterMSIDNo - Pass
17/03/2020 15:07:23 PM => Step ID :--------- Step_R04
17/03/2020 15:07:24 PM => Click on :AM_clickOnSendOTP - Pass
17/03/2020 15:07:24 PM => Step ID :--------- Step_R05
17/03/2020 15:07:24 PM => Exception from KeyAction: 
17/03/2020 15:07:26 PM => Close Webdriver Process - Completed
17/03/2020 15:07:26 PM => *******************************************************************
17/03/2020 15:07:26 PM => ***** Test script result :Fail*****
17/03/2020 15:07:26 PM => *** Test script Execution Time: 00:18.9 ***
17/03/2020 15:07:26 PM => *******************************************************************
17/03/2020 15:07:26 PM => Processing Suite file was completed in row:91
17/03/2020 15:07:26 PM => ==================================
17/03/2020 15:07:26 PM => Total Statistics: 
17/03/2020 15:07:26 PM => Total Tests Run : 1
17/03/2020 15:07:26 PM => Tests PASSED : 0
17/03/2020 15:07:26 PM => Tests FAILED : 1
17/03/2020 15:07:26 PM => JavaScript Errors : 0
17/03/2020 15:07:26 PM => ==================================
17/03/2020 15:07:26 PM => ***TEST RUN FAILED***
17/03/2020 15:07:26 PM => ***********Execution Completed Successfully**********
