20/03/2020 16:07:26 PM => Environment values............
20/03/2020 16:07:26 PM => >>>>>>>>>>>>>>>>>>>>>>>>>>>>>>>>>>>>>>>>>>>>>>>>>>
20/03/2020 16:07:26 PM => Application on which executed : YBL
20/03/2020 16:07:26 PM => Type of testing : REGRESSION
20/03/2020 16:07:26 PM => Test environment on which application executed : 
20/03/2020 16:07:26 PM => URL : null
20/03/2020 16:07:26 PM => Driver Settings...>>>>>>>>>>>>>>>>>>>>>>>>>>>>>>>>>
20/03/2020 16:07:26 PM => STARTFROMHOMEPAGE <null> : NO
20/03/2020 16:07:26 PM => CLEARCOOKIEFOREACHTEST: NO
20/03/2020 16:07:26 PM => JAVASCRIPTTIMEOUT: 60
20/03/2020 16:07:26 PM => VERIFYJAVASCRIPTERRORS: YES
20/03/2020 16:07:26 PM => ALERTAUTOACCEPT: NO
20/03/2020 16:07:26 PM => Environment file location : C:\iprogrammerAutomation/Config/Env.xml
20/03/2020 16:07:26 PM => Executed on browser : null
20/03/2020 16:07:26 PM => Repository location : C:\iprogrammerAutomation/Repository/YBL_OR.xls
20/03/2020 16:07:26 PM => Suite file name and location : C:\iprogrammerAutomation/Suites/YBL_REGRESSION_Suite.xls
20/03/2020 16:07:26 PM => Test execution report file : C:\iprogrammerAutomation/Reports/20-03-2020_16-07-26-PM_REGRESSION/YBL_TA_Report_null_20-03-2020_16-07-26-PM.xls
20/03/2020 16:07:26 PM => Test execution log file : C:\iprogrammerAutomation/Log/Log_20-03-2020_16-07-26-PM.log
20/03/2020 16:07:26 PM => >>>>>>>>>>>>>>>>>>>>>>>>>>>>>>>>>>>>>>>>>>>>>>>>>>
20/03/2020 16:07:26 PM => TEMPLORARY CURRENT EXECUTION PARAMETERS:
20/03/2020 16:07:26 PM => Templorary folder path : C:\iprogrammerAutomation/Reports/20-03-2020_16-07-26-PM_REGRESSION/Temp/
20/03/2020 16:07:26 PM => Templorary TestSuite path : C:\iprogrammerAutomation/Suites/YBL_REGRESSION_Suite.xls
20/03/2020 16:07:26 PM => Templorary TestLog path : C:\iprogrammerAutomation/Reports/20-03-2020_16-07-26-PM_REGRESSION/Temp/TestExecutionLog.txt
20/03/2020 16:07:26 PM => Screen shot location for this execution : C:\iprogrammerAutomation/Reports/20-03-2020_16-07-26-PM_REGRESSION/Temp/
20/03/2020 16:07:26 PM => >>>>>>>>>>>>>>>>>>>>>>>>>>>>>>>>>>>>>>>>>>>>>>>>>>
20/03/2020 16:07:26 PM => Environment values............
20/03/2020 16:07:26 PM => >>>>>>>>>>>>>>>>>>>>>>>>>>>>>>>>>>>>>>>>>>>>>>>>>>
20/03/2020 16:07:26 PM => Application on which executed : YBL
20/03/2020 16:07:26 PM => Type of testing : REGRESSION
20/03/2020 16:07:26 PM => Test environment on which application executed : 
20/03/2020 16:07:26 PM => URL : null
20/03/2020 16:07:26 PM => Driver Settings...>>>>>>>>>>>>>>>>>>>>>>>>>>>>>>>>>
20/03/2020 16:07:26 PM => STARTFROMHOMEPAGE <null> : NO
20/03/2020 16:07:27 PM => CLEARCOOKIEFOREACHTEST: NO
20/03/2020 16:07:27 PM => JAVASCRIPTTIMEOUT: 60
20/03/2020 16:07:27 PM => VERIFYJAVASCRIPTERRORS: YES
20/03/2020 16:07:27 PM => ALERTAUTOACCEPT: NO
20/03/2020 16:07:27 PM => Environment file location : C:\iprogrammerAutomation/Config/Env.xml
20/03/2020 16:07:27 PM => Executed on browser : null
20/03/2020 16:07:27 PM => Repository location : C:\iprogrammerAutomation/Repository/YBL_OR.xls
20/03/2020 16:07:27 PM => Suite file name and location : C:\iprogrammerAutomation/Suites/YBL_REGRESSION_Suite.xls
20/03/2020 16:07:27 PM => Test execution report file : C:\iprogrammerAutomation/Reports/20-03-2020_16-07-26-PM_REGRESSION/YBL_TA_Report_null_20-03-2020_16-07-26-PM.xls
20/03/2020 16:07:27 PM => Test execution log file : C:\iprogrammerAutomation/Log/Log_20-03-2020_16-07-26-PM.log
20/03/2020 16:07:27 PM => >>>>>>>>>>>>>>>>>>>>>>>>>>>>>>>>>>>>>>>>>>>>>>>>>>
20/03/2020 16:07:27 PM => TEMPLORARY CURRENT EXECUTION PARAMETERS:
20/03/2020 16:07:27 PM => Templorary folder path : C:\iprogrammerAutomation/Reports/20-03-2020_16-07-26-PM_REGRESSION/Temp/
20/03/2020 16:07:27 PM => Templorary TestSuite path : C:\iprogrammerAutomation/Suites/YBL_REGRESSION_Suite.xls
20/03/2020 16:07:27 PM => Templorary TestLog path : C:\iprogrammerAutomation/Reports/20-03-2020_16-07-26-PM_REGRESSION/Temp/TestExecutionLog.txt
20/03/2020 16:07:27 PM => Screen shot location for this execution : C:\iprogrammerAutomation/Reports/20-03-2020_16-07-26-PM_REGRESSION/Temp/
20/03/2020 16:07:27 PM => >>>>>>>>>>>>>>>>>>>>>>>>>>>>>>>>>>>>>>>>>>>>>>>>>>
20/03/2020 16:07:27 PM => Start Processing OR for YBL App...
20/03/2020 16:07:27 PM => Processing OR for YBL App has been completed in row : 56
20/03/2020 16:07:27 PM => Test Execution was started...
20/03/2020 16:07:27 PM => Start processing script file : OfferPrepaid1
20/03/2020 16:07:27 PM => Processing to add Common Steps...
20/03/2020 16:07:27 PM => Process of add Common Steps - Completed
20/03/2020 16:07:27 PM => Launch Web Driver process...
20/03/2020 16:08:02 PM => Script path : C:\iprogrammerAutomation/Reports/20-03-2020_16-07-26-PM_REGRESSION/Temp/OfferPrepaid1.xls
20/03/2020 16:08:02 PM => Step ID :--------- Step_R01
20/03/2020 16:08:08 PM => Element :AM_VerifyfodaApppresent - Pass
20/03/2020 16:08:08 PM => Step ID :--------- Step_R02
20/03/2020 16:08:09 PM => Element :AM_VerifyfodaApppresent - Pass
20/03/2020 16:08:09 PM => Step ID :--------- Step_R03
20/03/2020 16:08:17 PM => Enter text into :AM_EnterMSIDNo - Pass
20/03/2020 16:08:17 PM => Step ID :--------- Step_R04
20/03/2020 16:08:18 PM => Click on :AM_clickOnSendOTP - Pass
20/03/2020 16:08:19 PM => Step ID :--------- Step_R05
20/03/2020 16:08:32 PM => Enter text into :AM_typeOTP - Pass
20/03/2020 16:08:33 PM => Step ID :--------- Step_R06
20/03/2020 16:08:34 PM => Click on :AM_SubmitButton - Pass
20/03/2020 16:08:34 PM => Step ID :--------- Step_R07
20/03/2020 16:08:41 PM => Element :AM_VoVPayapresent - Pass
20/03/2020 16:08:41 PM => Step ID :--------- Step_R08
20/03/2020 16:08:42 PM => Click on :AM_VoVPaya - Pass
20/03/2020 16:08:42 PM => Step ID :--------- Step_R09
20/03/2020 16:08:45 PM => Click on :AM_AgreeAndPay - Pass
20/03/2020 16:08:45 PM => Step ID :--------- Step_R10
20/03/2020 16:09:16 PM => FindById - Fail
20/03/2020 16:09:46 PM => FindByClassName - Fail
20/03/2020 16:09:46 PM => Wait for element with locatornull present (TimeOut) - Fail
20/03/2020 16:09:46 PM => Click on : - Fail
20/03/2020 16:09:48 PM => Close Webdriver Process - Completed
20/03/2020 16:09:48 PM => *******************************************************************
20/03/2020 16:09:48 PM => ***** Test script result :Fail*****
20/03/2020 16:09:48 PM => *** Test script Execution Time: 01:45.3 ***
20/03/2020 16:09:48 PM => *******************************************************************
20/03/2020 16:09:48 PM => Processing Suite file was completed in row:91
20/03/2020 16:09:48 PM => ==================================
20/03/2020 16:09:48 PM => Total Statistics: 
20/03/2020 16:09:48 PM => Total Tests Run : 1
20/03/2020 16:09:48 PM => Tests PASSED : 0
20/03/2020 16:09:48 PM => Tests FAILED : 1
20/03/2020 16:09:48 PM => JavaScript Errors : 0
20/03/2020 16:09:48 PM => ==================================
20/03/2020 16:09:48 PM => ***TEST RUN FAILED***
20/03/2020 16:09:48 PM => ***********Execution Completed Successfully**********
