17/03/2020 11:36:31 AM => Environment values............
17/03/2020 11:36:31 AM => >>>>>>>>>>>>>>>>>>>>>>>>>>>>>>>>>>>>>>>>>>>>>>>>>>
17/03/2020 11:36:31 AM => Application on which executed : YBL
17/03/2020 11:36:31 AM => Type of testing : REGRESSION
17/03/2020 11:36:31 AM => Test environment on which application executed : 
17/03/2020 11:36:31 AM => URL : null
17/03/2020 11:36:31 AM => Driver Settings...>>>>>>>>>>>>>>>>>>>>>>>>>>>>>>>>>
17/03/2020 11:36:31 AM => STARTFROMHOMEPAGE <null> : NO
17/03/2020 11:36:31 AM => CLEARCOOKIEFOREACHTEST: NO
17/03/2020 11:36:31 AM => JAVASCRIPTTIMEOUT: 60
17/03/2020 11:36:31 AM => VERIFYJAVASCRIPTERRORS: YES
17/03/2020 11:36:31 AM => ALERTAUTOACCEPT: NO
17/03/2020 11:36:31 AM => Environment file location : C:\iprogrammerAutomation/Config/Env.xml
17/03/2020 11:36:31 AM => Executed on browser : null
17/03/2020 11:36:31 AM => Repository location : C:\iprogrammerAutomation/Repository/YBL_OR.xls
17/03/2020 11:36:31 AM => Suite file name and location : C:\iprogrammerAutomation/Suites/YBL_REGRESSION_Suite.xls
17/03/2020 11:36:31 AM => Test execution report file : C:\iprogrammerAutomation/Reports/17-03-2020_11-36-31-AM_REGRESSION/YBL_TA_Report_null_17-03-2020_11-36-31-AM.xls
17/03/2020 11:36:31 AM => Test execution log file : C:\iprogrammerAutomation/Log/Log_17-03-2020_11-36-31-AM.log
17/03/2020 11:36:31 AM => >>>>>>>>>>>>>>>>>>>>>>>>>>>>>>>>>>>>>>>>>>>>>>>>>>
17/03/2020 11:36:31 AM => TEMPLORARY CURRENT EXECUTION PARAMETERS:
17/03/2020 11:36:31 AM => Templorary folder path : C:\iprogrammerAutomation/Reports/17-03-2020_11-36-31-AM_REGRESSION/Temp/
17/03/2020 11:36:31 AM => Templorary TestSuite path : C:\iprogrammerAutomation/Suites/YBL_REGRESSION_Suite.xls
17/03/2020 11:36:31 AM => Templorary TestLog path : C:\iprogrammerAutomation/Reports/17-03-2020_11-36-31-AM_REGRESSION/Temp/TestExecutionLog.txt
17/03/2020 11:36:31 AM => Screen shot location for this execution : C:\iprogrammerAutomation/Reports/17-03-2020_11-36-31-AM_REGRESSION/Temp/
17/03/2020 11:36:31 AM => >>>>>>>>>>>>>>>>>>>>>>>>>>>>>>>>>>>>>>>>>>>>>>>>>>
