26/03/2020 14:22:37 PM => Environment values............
26/03/2020 14:22:37 PM => >>>>>>>>>>>>>>>>>>>>>>>>>>>>>>>>>>>>>>>>>>>>>>>>>>
26/03/2020 14:22:37 PM => Application on which executed : YBL
26/03/2020 14:22:37 PM => Type of testing : REGRESSION
26/03/2020 14:22:37 PM => Test environment on which application executed : 
26/03/2020 14:22:37 PM => URL : null
26/03/2020 14:22:37 PM => Driver Settings...>>>>>>>>>>>>>>>>>>>>>>>>>>>>>>>>>
26/03/2020 14:22:37 PM => STARTFROMHOMEPAGE <null> : NO
26/03/2020 14:22:37 PM => CLEARCOOKIEFOREACHTEST: NO
26/03/2020 14:22:37 PM => JAVASCRIPTTIMEOUT: 60
26/03/2020 14:22:37 PM => VERIFYJAVASCRIPTERRORS: YES
26/03/2020 14:22:37 PM => ALERTAUTOACCEPT: NO
26/03/2020 14:22:37 PM => Environment file location : C:\iprogrammerAutomation/Config/Env.xml
26/03/2020 14:22:37 PM => Executed on browser : null
26/03/2020 14:22:37 PM => Repository location : C:\iprogrammerAutomation/Repository/YBL_OR.xls
26/03/2020 14:22:37 PM => Suite file name and location : C:\iprogrammerAutomation/Suites/YBL_REGRESSION_Suite.xls
26/03/2020 14:22:37 PM => Test execution report file : C:\iprogrammerAutomation/Reports/26-03-2020_14-22-37-PM_REGRESSION/YBL_TA_Report_null_26-03-2020_14-22-37-PM.xls
26/03/2020 14:22:37 PM => Test execution log file : C:\iprogrammerAutomation/Log/Log_26-03-2020_14-22-37-PM.log
26/03/2020 14:22:37 PM => >>>>>>>>>>>>>>>>>>>>>>>>>>>>>>>>>>>>>>>>>>>>>>>>>>
26/03/2020 14:22:37 PM => TEMPLORARY CURRENT EXECUTION PARAMETERS:
26/03/2020 14:22:37 PM => Templorary folder path : C:\iprogrammerAutomation/Reports/26-03-2020_14-22-37-PM_REGRESSION/Temp/
26/03/2020 14:22:37 PM => Templorary TestSuite path : C:\iprogrammerAutomation/Suites/YBL_REGRESSION_Suite.xls
26/03/2020 14:22:37 PM => Templorary TestLog path : C:\iprogrammerAutomation/Reports/26-03-2020_14-22-37-PM_REGRESSION/Temp/TestExecutionLog.txt
26/03/2020 14:22:37 PM => Screen shot location for this execution : C:\iprogrammerAutomation/Reports/26-03-2020_14-22-37-PM_REGRESSION/Temp/
26/03/2020 14:22:37 PM => >>>>>>>>>>>>>>>>>>>>>>>>>>>>>>>>>>>>>>>>>>>>>>>>>>
26/03/2020 14:22:37 PM => Environment values............
26/03/2020 14:22:37 PM => >>>>>>>>>>>>>>>>>>>>>>>>>>>>>>>>>>>>>>>>>>>>>>>>>>
26/03/2020 14:22:37 PM => Application on which executed : YBL
26/03/2020 14:22:37 PM => Type of testing : REGRESSION
26/03/2020 14:22:37 PM => Test environment on which application executed : 
26/03/2020 14:22:37 PM => URL : null
26/03/2020 14:22:37 PM => Driver Settings...>>>>>>>>>>>>>>>>>>>>>>>>>>>>>>>>>
26/03/2020 14:22:37 PM => STARTFROMHOMEPAGE <null> : NO
26/03/2020 14:22:37 PM => CLEARCOOKIEFOREACHTEST: NO
26/03/2020 14:22:37 PM => JAVASCRIPTTIMEOUT: 60
26/03/2020 14:22:37 PM => VERIFYJAVASCRIPTERRORS: YES
26/03/2020 14:22:37 PM => ALERTAUTOACCEPT: NO
26/03/2020 14:22:37 PM => Environment file location : C:\iprogrammerAutomation/Config/Env.xml
26/03/2020 14:22:37 PM => Executed on browser : null
26/03/2020 14:22:37 PM => Repository location : C:\iprogrammerAutomation/Repository/YBL_OR.xls
26/03/2020 14:22:37 PM => Suite file name and location : C:\iprogrammerAutomation/Suites/YBL_REGRESSION_Suite.xls
26/03/2020 14:22:37 PM => Test execution report file : C:\iprogrammerAutomation/Reports/26-03-2020_14-22-37-PM_REGRESSION/YBL_TA_Report_null_26-03-2020_14-22-37-PM.xls
26/03/2020 14:22:37 PM => Test execution log file : C:\iprogrammerAutomation/Log/Log_26-03-2020_14-22-37-PM.log
26/03/2020 14:22:37 PM => >>>>>>>>>>>>>>>>>>>>>>>>>>>>>>>>>>>>>>>>>>>>>>>>>>
26/03/2020 14:22:37 PM => TEMPLORARY CURRENT EXECUTION PARAMETERS:
26/03/2020 14:22:37 PM => Templorary folder path : C:\iprogrammerAutomation/Reports/26-03-2020_14-22-37-PM_REGRESSION/Temp/
26/03/2020 14:22:37 PM => Templorary TestSuite path : C:\iprogrammerAutomation/Suites/YBL_REGRESSION_Suite.xls
26/03/2020 14:22:37 PM => Templorary TestLog path : C:\iprogrammerAutomation/Reports/26-03-2020_14-22-37-PM_REGRESSION/Temp/TestExecutionLog.txt
26/03/2020 14:22:37 PM => Screen shot location for this execution : C:\iprogrammerAutomation/Reports/26-03-2020_14-22-37-PM_REGRESSION/Temp/
26/03/2020 14:22:37 PM => >>>>>>>>>>>>>>>>>>>>>>>>>>>>>>>>>>>>>>>>>>>>>>>>>>
26/03/2020 14:22:38 PM => Start Processing OR for YBL App...
26/03/2020 14:22:38 PM => Processing OR for YBL App has been completed in row : 60
26/03/2020 14:22:38 PM => Test Execution was started...
26/03/2020 14:22:38 PM => Processing Suite file was completed in row:111
26/03/2020 14:22:38 PM => ==================================
26/03/2020 14:22:38 PM => Total Statistics: 
26/03/2020 14:22:38 PM => Total Tests Run : 0
26/03/2020 14:22:38 PM => Tests PASSED : 0
26/03/2020 14:22:38 PM => Tests FAILED : 0
26/03/2020 14:22:38 PM => JavaScript Errors : 0
26/03/2020 14:22:38 PM => ==================================
26/03/2020 14:22:38 PM => ***TEST RUN PASSED***
26/03/2020 14:22:38 PM => ***********Execution Completed Successfully**********
