26/03/2020 14:23:22 PM => Environment values............
26/03/2020 14:23:22 PM => >>>>>>>>>>>>>>>>>>>>>>>>>>>>>>>>>>>>>>>>>>>>>>>>>>
26/03/2020 14:23:22 PM => Application on which executed : YBL
26/03/2020 14:23:22 PM => Type of testing : REGRESSION
26/03/2020 14:23:22 PM => Test environment on which application executed : 
26/03/2020 14:23:22 PM => URL : null
26/03/2020 14:23:22 PM => Driver Settings...>>>>>>>>>>>>>>>>>>>>>>>>>>>>>>>>>
26/03/2020 14:23:22 PM => STARTFROMHOMEPAGE <null> : NO
26/03/2020 14:23:22 PM => CLEARCOOKIEFOREACHTEST: NO
26/03/2020 14:23:22 PM => JAVASCRIPTTIMEOUT: 60
26/03/2020 14:23:22 PM => VERIFYJAVASCRIPTERRORS: YES
26/03/2020 14:23:22 PM => ALERTAUTOACCEPT: NO
26/03/2020 14:23:22 PM => Environment file location : C:\iprogrammerAutomation/Config/Env.xml
26/03/2020 14:23:22 PM => Executed on browser : null
26/03/2020 14:23:22 PM => Repository location : C:\iprogrammerAutomation/Repository/YBL_OR.xls
26/03/2020 14:23:22 PM => Suite file name and location : C:\iprogrammerAutomation/Suites/YBL_REGRESSION_Suite.xls
26/03/2020 14:23:22 PM => Test execution report file : C:\iprogrammerAutomation/Reports/26-03-2020_14-23-22-PM_REGRESSION/YBL_TA_Report_null_26-03-2020_14-23-22-PM.xls
26/03/2020 14:23:22 PM => Test execution log file : C:\iprogrammerAutomation/Log/Log_26-03-2020_14-23-22-PM.log
26/03/2020 14:23:22 PM => >>>>>>>>>>>>>>>>>>>>>>>>>>>>>>>>>>>>>>>>>>>>>>>>>>
26/03/2020 14:23:22 PM => TEMPLORARY CURRENT EXECUTION PARAMETERS:
26/03/2020 14:23:22 PM => Templorary folder path : C:\iprogrammerAutomation/Reports/26-03-2020_14-23-22-PM_REGRESSION/Temp/
26/03/2020 14:23:22 PM => Templorary TestSuite path : C:\iprogrammerAutomation/Suites/YBL_REGRESSION_Suite.xls
26/03/2020 14:23:22 PM => Templorary TestLog path : C:\iprogrammerAutomation/Reports/26-03-2020_14-23-22-PM_REGRESSION/Temp/TestExecutionLog.txt
26/03/2020 14:23:22 PM => Screen shot location for this execution : C:\iprogrammerAutomation/Reports/26-03-2020_14-23-22-PM_REGRESSION/Temp/
26/03/2020 14:23:22 PM => >>>>>>>>>>>>>>>>>>>>>>>>>>>>>>>>>>>>>>>>>>>>>>>>>>
26/03/2020 14:23:22 PM => Environment values............
26/03/2020 14:23:22 PM => >>>>>>>>>>>>>>>>>>>>>>>>>>>>>>>>>>>>>>>>>>>>>>>>>>
26/03/2020 14:23:22 PM => Application on which executed : YBL
26/03/2020 14:23:22 PM => Type of testing : REGRESSION
26/03/2020 14:23:22 PM => Test environment on which application executed : 
26/03/2020 14:23:22 PM => URL : null
26/03/2020 14:23:22 PM => Driver Settings...>>>>>>>>>>>>>>>>>>>>>>>>>>>>>>>>>
26/03/2020 14:23:22 PM => STARTFROMHOMEPAGE <null> : NO
26/03/2020 14:23:22 PM => CLEARCOOKIEFOREACHTEST: NO
26/03/2020 14:23:22 PM => JAVASCRIPTTIMEOUT: 60
26/03/2020 14:23:22 PM => VERIFYJAVASCRIPTERRORS: YES
26/03/2020 14:23:22 PM => ALERTAUTOACCEPT: NO
26/03/2020 14:23:22 PM => Environment file location : C:\iprogrammerAutomation/Config/Env.xml
26/03/2020 14:23:22 PM => Executed on browser : null
26/03/2020 14:23:22 PM => Repository location : C:\iprogrammerAutomation/Repository/YBL_OR.xls
26/03/2020 14:23:22 PM => Suite file name and location : C:\iprogrammerAutomation/Suites/YBL_REGRESSION_Suite.xls
26/03/2020 14:23:22 PM => Test execution report file : C:\iprogrammerAutomation/Reports/26-03-2020_14-23-22-PM_REGRESSION/YBL_TA_Report_null_26-03-2020_14-23-22-PM.xls
26/03/2020 14:23:22 PM => Test execution log file : C:\iprogrammerAutomation/Log/Log_26-03-2020_14-23-22-PM.log
26/03/2020 14:23:22 PM => >>>>>>>>>>>>>>>>>>>>>>>>>>>>>>>>>>>>>>>>>>>>>>>>>>
26/03/2020 14:23:22 PM => TEMPLORARY CURRENT EXECUTION PARAMETERS:
26/03/2020 14:23:22 PM => Templorary folder path : C:\iprogrammerAutomation/Reports/26-03-2020_14-23-22-PM_REGRESSION/Temp/
26/03/2020 14:23:22 PM => Templorary TestSuite path : C:\iprogrammerAutomation/Suites/YBL_REGRESSION_Suite.xls
26/03/2020 14:23:22 PM => Templorary TestLog path : C:\iprogrammerAutomation/Reports/26-03-2020_14-23-22-PM_REGRESSION/Temp/TestExecutionLog.txt
26/03/2020 14:23:22 PM => Screen shot location for this execution : C:\iprogrammerAutomation/Reports/26-03-2020_14-23-22-PM_REGRESSION/Temp/
26/03/2020 14:23:22 PM => >>>>>>>>>>>>>>>>>>>>>>>>>>>>>>>>>>>>>>>>>>>>>>>>>>
26/03/2020 14:23:22 PM => Start Processing OR for YBL App...
26/03/2020 14:23:23 PM => Processing OR for YBL App has been completed in row : 60
26/03/2020 14:23:23 PM => Test Execution was started...
26/03/2020 14:23:23 PM => Start processing script file : ActivePlan&packsscreenPostpaid1
26/03/2020 14:23:23 PM => Processing to add Common Steps...
26/03/2020 14:23:23 PM => Process of add Common Steps - Completed
26/03/2020 14:23:23 PM => Launch Web Driver process...
26/03/2020 14:24:01 PM => Script path : C:\iprogrammerAutomation/Reports/26-03-2020_14-23-22-PM_REGRESSION/Temp/ActivePlan&packsscreenPostpaid1.xls
26/03/2020 14:24:01 PM => Step ID :--------- Step_R01
26/03/2020 14:24:32 PM => Wait for elementAM_IngoreButton with locator//android.widget.Button[@text='Install'] present (TimeOut) - Fail
26/03/2020 14:24:32 PM => Enter text into :AM_IngoreButton - Fail
26/03/2020 14:24:34 PM => Close Webdriver Process - Completed
26/03/2020 14:24:34 PM => ***************************************************************
26/03/2020 14:24:34 PM => ***** Test script result :Pass *****
26/03/2020 14:24:34 PM => *** Test script Execution Time: 00:31.9 ***
26/03/2020 14:24:34 PM => ***************************************************************
26/03/2020 14:24:34 PM => Processing Suite file was completed in row:111
26/03/2020 14:24:34 PM => ==================================
26/03/2020 14:24:34 PM => Total Statistics: 
26/03/2020 14:24:34 PM => Total Tests Run : 1
26/03/2020 14:24:34 PM => Tests PASSED : 1
26/03/2020 14:24:34 PM => Tests FAILED : 0
26/03/2020 14:24:34 PM => JavaScript Errors : 0
26/03/2020 14:24:34 PM => ==================================
26/03/2020 14:24:34 PM => ***TEST RUN FAILED***
26/03/2020 14:24:34 PM => ***********Execution Completed Successfully**********
