23/03/2020 15:33:25 PM => Environment values............
23/03/2020 15:33:25 PM => >>>>>>>>>>>>>>>>>>>>>>>>>>>>>>>>>>>>>>>>>>>>>>>>>>
23/03/2020 15:33:25 PM => Application on which executed : YBL
23/03/2020 15:33:25 PM => Type of testing : REGRESSION
23/03/2020 15:33:25 PM => Test environment on which application executed : 
23/03/2020 15:33:25 PM => URL : null
23/03/2020 15:33:25 PM => Driver Settings...>>>>>>>>>>>>>>>>>>>>>>>>>>>>>>>>>
23/03/2020 15:33:25 PM => STARTFROMHOMEPAGE <null> : NO
23/03/2020 15:33:25 PM => CLEARCOOKIEFOREACHTEST: NO
23/03/2020 15:33:25 PM => JAVASCRIPTTIMEOUT: 60
23/03/2020 15:33:25 PM => VERIFYJAVASCRIPTERRORS: YES
23/03/2020 15:33:25 PM => ALERTAUTOACCEPT: NO
23/03/2020 15:33:25 PM => Environment file location : C:\iprogrammerAutomation/Config/Env.xml
23/03/2020 15:33:25 PM => Executed on browser : null
23/03/2020 15:33:25 PM => Repository location : C:\iprogrammerAutomation/Repository/YBL_OR.xls
23/03/2020 15:33:25 PM => Suite file name and location : C:\iprogrammerAutomation/Suites/YBL_REGRESSION_Suite.xls
23/03/2020 15:33:25 PM => Test execution report file : C:\iprogrammerAutomation/Reports/23-03-2020_15-33-25-PM_REGRESSION/YBL_TA_Report_null_23-03-2020_15-33-25-PM.xls
23/03/2020 15:33:25 PM => Test execution log file : C:\iprogrammerAutomation/Log/Log_23-03-2020_15-33-25-PM.log
23/03/2020 15:33:25 PM => >>>>>>>>>>>>>>>>>>>>>>>>>>>>>>>>>>>>>>>>>>>>>>>>>>
23/03/2020 15:33:25 PM => TEMPLORARY CURRENT EXECUTION PARAMETERS:
23/03/2020 15:33:25 PM => Templorary folder path : C:\iprogrammerAutomation/Reports/23-03-2020_15-33-25-PM_REGRESSION/Temp/
23/03/2020 15:33:25 PM => Templorary TestSuite path : C:\iprogrammerAutomation/Suites/YBL_REGRESSION_Suite.xls
23/03/2020 15:33:25 PM => Templorary TestLog path : C:\iprogrammerAutomation/Reports/23-03-2020_15-33-25-PM_REGRESSION/Temp/TestExecutionLog.txt
23/03/2020 15:33:25 PM => Screen shot location for this execution : C:\iprogrammerAutomation/Reports/23-03-2020_15-33-25-PM_REGRESSION/Temp/
23/03/2020 15:33:25 PM => >>>>>>>>>>>>>>>>>>>>>>>>>>>>>>>>>>>>>>>>>>>>>>>>>>
23/03/2020 15:33:25 PM => Start Processing OR for YBL App...
23/03/2020 15:33:25 PM => Processing OR for YBL App has been completed in row : 57
23/03/2020 15:33:25 PM => Test Execution was started...
23/03/2020 15:33:26 PM => Start processing script file : ShoapPrepaid
23/03/2020 15:33:26 PM => Processing to add Common Steps...
23/03/2020 15:33:26 PM => Process of add Common Steps - Completed
23/03/2020 15:33:26 PM => Launch Web Driver process...
23/03/2020 15:34:13 PM => Script path : C:\iprogrammerAutomation/Reports/23-03-2020_15-33-25-PM_REGRESSION/Temp/ShoapPrepaid.xls
23/03/2020 15:34:13 PM => Step ID :--------- Step_R01
23/03/2020 15:34:46 PM => Element :AM_VerifyfodaApppresent - Pass
23/03/2020 15:34:46 PM => Step ID :--------- Step_R02
23/03/2020 15:34:47 PM => Element :AM_VerifyfodaApppresent - Pass
23/03/2020 15:34:47 PM => Step ID :--------- Step_R03
23/03/2020 15:34:55 PM => Enter text into :AM_EnterMSIDNo - Pass
23/03/2020 15:34:55 PM => Step ID :--------- Step_R04
23/03/2020 15:34:57 PM => Click on :AM_clickOnSendOTP - Pass
23/03/2020 15:34:57 PM => Step ID :--------- Step_R05
23/03/2020 15:35:10 PM => Enter text into :AM_typeOTP - Pass
23/03/2020 15:35:10 PM => Step ID :--------- Step_R06
23/03/2020 15:35:11 PM => Click on :AM_SubmitButton - Pass
23/03/2020 15:35:12 PM => Step ID :--------- Step_R07
23/03/2020 15:35:42 PM => Wait for elementAM_RechargeNow with locator//android.widget.Button[@text='2.97GB left of 3GB daily data ? 20.84 Main Balance Till 25-Apr-2021 Recharge Now Unlimited Local, STD, National Roaming calls Limited Validity Talktime ( Till 09-Apr-2020) ? 140.0'] present (TimeOut) - Fail
23/03/2020 15:35:42 PM => Element :AM_RechargeNow not found - Fail
23/03/2020 15:35:45 PM => Close Webdriver Process - Completed
23/03/2020 15:35:45 PM => *******************************************************************
23/03/2020 15:35:45 PM => ***** Test script result :Fail*****
23/03/2020 15:35:45 PM => *** Test script Execution Time: 01:30.1 ***
23/03/2020 15:35:45 PM => *******************************************************************
23/03/2020 15:35:45 PM => Processing Suite file was completed in row:91
23/03/2020 15:35:45 PM => ==================================
23/03/2020 15:35:45 PM => Total Statistics: 
23/03/2020 15:35:45 PM => Total Tests Run : 1
23/03/2020 15:35:45 PM => Tests PASSED : 0
23/03/2020 15:35:45 PM => Tests FAILED : 1
23/03/2020 15:35:45 PM => JavaScript Errors : 0
23/03/2020 15:35:45 PM => ==================================
23/03/2020 15:35:45 PM => ***TEST RUN FAILED***
23/03/2020 15:35:45 PM => ***********Execution Completed Successfully**********
