26/03/2020 14:02:16 PM => Environment values............
26/03/2020 14:02:16 PM => >>>>>>>>>>>>>>>>>>>>>>>>>>>>>>>>>>>>>>>>>>>>>>>>>>
26/03/2020 14:02:16 PM => Application on which executed : YBL
26/03/2020 14:02:16 PM => Type of testing : REGRESSION
26/03/2020 14:02:16 PM => Test environment on which application executed : 
26/03/2020 14:02:16 PM => URL : null
26/03/2020 14:02:16 PM => Driver Settings...>>>>>>>>>>>>>>>>>>>>>>>>>>>>>>>>>
26/03/2020 14:02:16 PM => STARTFROMHOMEPAGE <null> : NO
26/03/2020 14:02:16 PM => CLEARCOOKIEFOREACHTEST: NO
26/03/2020 14:02:16 PM => JAVASCRIPTTIMEOUT: 60
26/03/2020 14:02:16 PM => VERIFYJAVASCRIPTERRORS: YES
26/03/2020 14:02:16 PM => ALERTAUTOACCEPT: NO
26/03/2020 14:02:16 PM => Environment file location : C:\iprogrammerAutomation/Config/Env.xml
26/03/2020 14:02:16 PM => Executed on browser : null
26/03/2020 14:02:16 PM => Repository location : C:\iprogrammerAutomation/Repository/YBL_OR.xls
26/03/2020 14:02:16 PM => Suite file name and location : C:\iprogrammerAutomation/Suites/YBL_REGRESSION_Suite.xls
26/03/2020 14:02:16 PM => Test execution report file : C:\iprogrammerAutomation/Reports/26-03-2020_14-02-16-PM_REGRESSION/YBL_TA_Report_null_26-03-2020_14-02-16-PM.xls
26/03/2020 14:02:16 PM => Test execution log file : C:\iprogrammerAutomation/Log/Log_26-03-2020_14-02-16-PM.log
26/03/2020 14:02:16 PM => >>>>>>>>>>>>>>>>>>>>>>>>>>>>>>>>>>>>>>>>>>>>>>>>>>
26/03/2020 14:02:16 PM => TEMPLORARY CURRENT EXECUTION PARAMETERS:
26/03/2020 14:02:16 PM => Templorary folder path : C:\iprogrammerAutomation/Reports/26-03-2020_14-02-16-PM_REGRESSION/Temp/
26/03/2020 14:02:16 PM => Templorary TestSuite path : C:\iprogrammerAutomation/Suites/YBL_REGRESSION_Suite.xls
26/03/2020 14:02:16 PM => Templorary TestLog path : C:\iprogrammerAutomation/Reports/26-03-2020_14-02-16-PM_REGRESSION/Temp/TestExecutionLog.txt
26/03/2020 14:02:16 PM => Screen shot location for this execution : C:\iprogrammerAutomation/Reports/26-03-2020_14-02-16-PM_REGRESSION/Temp/
26/03/2020 14:02:16 PM => >>>>>>>>>>>>>>>>>>>>>>>>>>>>>>>>>>>>>>>>>>>>>>>>>>
26/03/2020 14:02:16 PM => Start Processing OR for YBL App...
26/03/2020 14:02:16 PM => Processing OR for YBL App has been completed in row : 60
26/03/2020 14:02:16 PM => Test Execution was started...
26/03/2020 14:02:16 PM => Start processing script file : ActivePlan&packsscreenPostpaid1
26/03/2020 14:02:16 PM => Processing to add Common Steps...
26/03/2020 14:02:16 PM => Process of add Common Steps - Completed
26/03/2020 14:02:16 PM => Launch Web Driver process...
26/03/2020 14:02:54 PM => Script path : C:\iprogrammerAutomation/Reports/26-03-2020_14-02-16-PM_REGRESSION/Temp/ActivePlan&packsscreenPostpaid1.xls
26/03/2020 14:02:54 PM => Step ID :--------- Step_R01
26/03/2020 14:03:12 PM => Wait for elementAM_VerifyfodaApp with locator//android.view.View[@text='Welcome!'] present (TimeOut) - Fail
26/03/2020 14:03:12 PM => Element :AM_VerifyfodaApp not found - Fail
26/03/2020 14:03:14 PM => Close Webdriver Process - Completed
26/03/2020 14:03:14 PM => *******************************************************************
26/03/2020 14:03:14 PM => ***** Test script result :Fail*****
26/03/2020 14:03:14 PM => *** Test script Execution Time: 00:18.3 ***
26/03/2020 14:03:14 PM => *******************************************************************
26/03/2020 14:03:14 PM => Processing Suite file was completed in row:111
26/03/2020 14:03:14 PM => ==================================
26/03/2020 14:03:14 PM => Total Statistics: 
26/03/2020 14:03:14 PM => Total Tests Run : 1
26/03/2020 14:03:14 PM => Tests PASSED : 0
26/03/2020 14:03:14 PM => Tests FAILED : 1
26/03/2020 14:03:14 PM => JavaScript Errors : 0
26/03/2020 14:03:14 PM => ==================================
26/03/2020 14:03:14 PM => ***TEST RUN FAILED***
26/03/2020 14:03:14 PM => ***********Execution Completed Successfully**********
